2023-03-13 09:51:28.829 [main] INFO  com.hjy.onepiece.OnepieceApplication - Starting OnepieceApplication using Java 1.8.0 on 代码制造永动机 with PID 5836 (D:\github\sakura\ONEPIECE\target\classes started by HeJianyu in D:\github\sakura\ONEPIECE)
2023-03-13 09:51:28.840 [main] INFO  com.hjy.onepiece.OnepieceApplication - No active profile set, falling back to 1 default profile: "default"
2023-03-13 09:51:30.194 [main] INFO  o.s.d.r.config.RepositoryConfigurationDelegate - Bootstrapping Spring Data JPA repositories in DEFAULT mode.
2023-03-13 09:51:30.298 [main] INFO  o.s.d.r.config.RepositoryConfigurationDelegate - Finished Spring Data repository scanning in 85 ms. Found 1 JPA repository interfaces.
2023-03-13 09:51:31.570 [main] ERROR org.apache.catalina.core.AprLifecycleListener - An incompatible version [1.1.0-dev] of the Apache Tomcat Native library is installed, while Tomcat requires version [1.2.14]
2023-03-13 09:51:32.259 [main] INFO  o.s.boot.web.embedded.tomcat.TomcatWebServer - Tomcat initialized with port(s): 1987 (http)
2023-03-13 09:51:32.297 [main] INFO  org.apache.coyote.http11.Http11NioProtocol - Initializing ProtocolHandler ["http-nio-1987"]
2023-03-13 09:51:32.299 [main] INFO  org.apache.catalina.core.StandardService - Starting service [Tomcat]
2023-03-13 09:51:32.300 [main] INFO  org.apache.catalina.core.StandardEngine - Starting Servlet engine: [Apache Tomcat/9.0.69]
2023-03-13 09:51:32.715 [main] INFO  o.a.c.core.ContainerBase.[Tomcat].[localhost].[/] - Initializing Spring embedded WebApplicationContext
2023-03-13 09:51:32.715 [main] INFO  o.s.b.w.s.c.ServletWebServerApplicationContext - Root WebApplicationContext: initialization completed in 3808 ms
2023-03-13 09:51:33.301 [main] INFO  c.a.d.s.b.a.DruidDataSourceAutoConfigure - Init DruidDataSource
2023-03-13 09:51:33.605 [main] INFO  com.alibaba.druid.pool.DruidDataSource - {dataSource-1} inited
2023-03-13 09:51:34.071 [main] INFO  org.hibernate.jpa.internal.util.LogHelper - HHH000204: Processing PersistenceUnitInfo [name: default]
2023-03-13 09:51:34.256 [main] INFO  org.hibernate.Version - HHH000412: Hibernate ORM core version 5.6.14.Final
2023-03-13 09:51:34.709 [main] INFO  org.hibernate.annotations.common.Version - HCANN000001: Hibernate Commons Annotations {5.1.2.Final}
2023-03-13 09:51:36.031 [main] INFO  org.hibernate.dialect.Dialect - HHH000400: Using dialect: org.hibernate.dialect.MySQL8Dialect
2023-03-13 09:51:37.512 [main] INFO  o.h.e.t.jta.platform.internal.JtaPlatformInitiator - HHH000490: Using JtaPlatform implementation: [org.hibernate.engine.transaction.jta.platform.internal.NoJtaPlatform]
2023-03-13 09:51:37.524 [main] INFO  o.s.orm.jpa.LocalContainerEntityManagerFactoryBean - Initialized JPA EntityManagerFactory for persistence unit 'default'
2023-03-13 09:51:37.955 [main] WARN  o.s.b.a.o.j.JpaBaseConfiguration$JpaWebConfiguration - spring.jpa.open-in-view is enabled by default. Therefore, database queries may be performed during view rendering. Explicitly configure spring.jpa.open-in-view to disable this warning
2023-03-13 09:51:38.132 [main] INFO  o.s.security.web.DefaultSecurityFilterChain - Will secure any request with [org.springframework.security.web.session.DisableEncodeUrlFilter@3a209918, org.springframework.security.web.context.request.async.WebAsyncManagerIntegrationFilter@2cae5fa7, org.springframework.security.web.context.SecurityContextPersistenceFilter@55bf35e5, org.springframework.security.web.header.HeaderWriterFilter@46cf8c07, org.springframework.security.web.authentication.logout.LogoutFilter@421ead7e, com.hjy.onepiece.filter.JwtDecoderFilter@3f1ddac2, org.springframework.security.web.savedrequest.RequestCacheAwareFilter@179ee36b, org.springframework.security.web.servletapi.SecurityContextHolderAwareRequestFilter@71bb8b34, org.springframework.security.web.authentication.AnonymousAuthenticationFilter@34aa8b61, org.springframework.security.web.session.SessionManagementFilter@4bbf38b8, org.springframework.security.web.access.ExceptionTranslationFilter@42c54bad, org.springframework.security.web.access.intercept.FilterSecurityInterceptor@3cf55e0c]
2023-03-13 09:51:38.462 [main] WARN  org.thymeleaf.templatemode.TemplateMode - [THYMELEAF][main] Template Mode 'HTML5' is deprecated. Using Template Mode 'HTML' instead.
2023-03-13 09:51:38.574 [main] INFO  org.apache.coyote.http11.Http11NioProtocol - Starting ProtocolHandler ["http-nio-1987"]
2023-03-13 09:51:38.604 [main] INFO  o.s.boot.web.embedded.tomcat.TomcatWebServer - Tomcat started on port(s): 1987 (http) with context path ''
2023-03-13 09:51:38.615 [main] INFO  com.hjy.onepiece.OnepieceApplication - Started OnepieceApplication in 10.579 seconds (JVM running for 16.779)
2023-03-13 09:53:15.423 [http-nio-1987-exec-1] INFO  o.a.c.core.ContainerBase.[Tomcat].[localhost].[/] - Initializing Spring DispatcherServlet 'dispatcherServlet'
2023-03-13 09:53:15.423 [http-nio-1987-exec-1] INFO  org.springframework.web.servlet.DispatcherServlet - Initializing Servlet 'dispatcherServlet'
2023-03-13 09:53:15.424 [http-nio-1987-exec-1] INFO  org.springframework.web.servlet.DispatcherServlet - Completed initialization in 1 ms
2023-03-13 14:24:43.933 [SpringApplicationShutdownHook] INFO  o.s.orm.jpa.LocalContainerEntityManagerFactoryBean - Closing JPA EntityManagerFactory for persistence unit 'default'
2023-03-13 14:24:44.046 [SpringApplicationShutdownHook] INFO  com.alibaba.druid.pool.DruidDataSource - {dataSource-1} closed
2023-03-13 14:25:13.458 [main] INFO  com.hjy.onepiece.OnepieceApplication - Starting OnepieceApplication using Java 1.8.0 on 代码制造永动机 with PID 6400 (D:\github\sakura\ONEPIECE\target\classes started by HeJianyu in D:\github\sakura\ONEPIECE)
2023-03-13 14:25:13.464 [main] INFO  com.hjy.onepiece.OnepieceApplication - No active profile set, falling back to 1 default profile: "default"
2023-03-13 14:25:14.823 [main] INFO  o.s.d.r.config.RepositoryConfigurationDelegate - Bootstrapping Spring Data JPA repositories in DEFAULT mode.
2023-03-13 14:25:14.917 [main] INFO  o.s.d.r.config.RepositoryConfigurationDelegate - Finished Spring Data repository scanning in 76 ms. Found 1 JPA repository interfaces.
2023-03-13 14:25:15.705 [main] ERROR org.apache.catalina.core.AprLifecycleListener - An incompatible version [1.1.0-dev] of the Apache Tomcat Native library is installed, while Tomcat requires version [1.2.14]
2023-03-13 14:25:16.064 [main] INFO  o.s.boot.web.embedded.tomcat.TomcatWebServer - Tomcat initialized with port(s): 1987 (http)
2023-03-13 14:25:16.080 [main] INFO  org.apache.coyote.http11.Http11NioProtocol - Initializing ProtocolHandler ["http-nio-1987"]
2023-03-13 14:25:16.081 [main] INFO  org.apache.catalina.core.StandardService - Starting service [Tomcat]
2023-03-13 14:25:16.081 [main] INFO  org.apache.catalina.core.StandardEngine - Starting Servlet engine: [Apache Tomcat/9.0.69]
2023-03-13 14:25:16.353 [main] INFO  o.a.c.core.ContainerBase.[Tomcat].[localhost].[/] - Initializing Spring embedded WebApplicationContext
2023-03-13 14:25:16.353 [main] INFO  o.s.b.w.s.c.ServletWebServerApplicationContext - Root WebApplicationContext: initialization completed in 2804 ms
2023-03-13 14:25:16.500 [main] INFO  c.a.d.s.b.a.DruidDataSourceAutoConfigure - Init DruidDataSource
2023-03-13 14:25:16.716 [main] INFO  com.alibaba.druid.pool.DruidDataSource - {dataSource-1} inited
2023-03-13 14:25:16.884 [main] INFO  org.hibernate.jpa.internal.util.LogHelper - HHH000204: Processing PersistenceUnitInfo [name: default]
2023-03-13 14:25:16.978 [main] INFO  org.hibernate.Version - HHH000412: Hibernate ORM core version 5.6.14.Final
2023-03-13 14:25:17.459 [main] INFO  org.hibernate.annotations.common.Version - HCANN000001: Hibernate Commons Annotations {5.1.2.Final}
2023-03-13 14:25:17.954 [main] INFO  org.hibernate.dialect.Dialect - HHH000400: Using dialect: org.hibernate.dialect.MySQL8Dialect
2023-03-13 14:25:19.375 [main] INFO  o.h.e.t.jta.platform.internal.JtaPlatformInitiator - HHH000490: Using JtaPlatform implementation: [org.hibernate.engine.transaction.jta.platform.internal.NoJtaPlatform]
2023-03-13 14:25:19.392 [main] INFO  o.s.orm.jpa.LocalContainerEntityManagerFactoryBean - Initialized JPA EntityManagerFactory for persistence unit 'default'
2023-03-13 14:25:19.964 [main] WARN  o.s.b.a.o.j.JpaBaseConfiguration$JpaWebConfiguration - spring.jpa.open-in-view is enabled by default. Therefore, database queries may be performed during view rendering. Explicitly configure spring.jpa.open-in-view to disable this warning
2023-03-13 14:25:20.215 [main] INFO  o.s.security.web.DefaultSecurityFilterChain - Will secure any request with [org.springframework.security.web.session.DisableEncodeUrlFilter@26b3fe8, org.springframework.security.web.context.request.async.WebAsyncManagerIntegrationFilter@1f6d7e7c, org.springframework.security.web.context.SecurityContextPersistenceFilter@65e92505, org.springframework.security.web.header.HeaderWriterFilter@3494a35e, org.springframework.security.web.authentication.logout.LogoutFilter@8167f57, com.hjy.onepiece.filter.JwtDecoderFilter@54b2fc58, org.springframework.security.web.savedrequest.RequestCacheAwareFilter@29394966, org.springframework.security.web.servletapi.SecurityContextHolderAwareRequestFilter@7c4a03a, org.springframework.security.web.authentication.AnonymousAuthenticationFilter@20518250, org.springframework.security.web.session.SessionManagementFilter@1e1ea16d, org.springframework.security.web.access.ExceptionTranslationFilter@5c316230, org.springframework.security.web.access.intercept.FilterSecurityInterceptor@23365142]
2023-03-13 14:25:20.717 [main] WARN  org.thymeleaf.templatemode.TemplateMode - [THYMELEAF][main] Template Mode 'HTML5' is deprecated. Using Template Mode 'HTML' instead.
2023-03-13 14:25:20.922 [main] INFO  org.apache.coyote.http11.Http11NioProtocol - Starting ProtocolHandler ["http-nio-1987"]
2023-03-13 14:25:21.010 [main] INFO  o.s.boot.web.embedded.tomcat.TomcatWebServer - Tomcat started on port(s): 1987 (http) with context path ''
2023-03-13 14:25:21.028 [main] INFO  com.hjy.onepiece.OnepieceApplication - Started OnepieceApplication in 8.644 seconds (JVM running for 18.345)
2023-03-13 14:27:19.984 [http-nio-1987-exec-1] INFO  o.a.c.core.ContainerBase.[Tomcat].[localhost].[/] - Initializing Spring DispatcherServlet 'dispatcherServlet'
2023-03-13 14:27:19.985 [http-nio-1987-exec-1] INFO  org.springframework.web.servlet.DispatcherServlet - Initializing Servlet 'dispatcherServlet'
2023-03-13 14:27:19.986 [http-nio-1987-exec-1] INFO  org.springframework.web.servlet.DispatcherServlet - Completed initialization in 1 ms
2023-03-13 14:34:30.582 [SpringApplicationShutdownHook] INFO  o.s.orm.jpa.LocalContainerEntityManagerFactoryBean - Closing JPA EntityManagerFactory for persistence unit 'default'
2023-03-13 14:34:30.818 [SpringApplicationShutdownHook] INFO  com.alibaba.druid.pool.DruidDataSource - {dataSource-1} closed
2023-03-13 14:34:48.205 [main] INFO  com.hjy.onepiece.OnepieceApplication - Starting OnepieceApplication using Java 1.8.0 on 代码制造永动机 with PID 20216 (D:\github\sakura\ONEPIECE\target\classes started by HeJianyu in D:\github\sakura\ONEPIECE)
2023-03-13 14:34:48.211 [main] INFO  com.hjy.onepiece.OnepieceApplication - No active profile set, falling back to 1 default profile: "default"
2023-03-13 14:34:49.747 [main] INFO  o.s.d.r.config.RepositoryConfigurationDelegate - Bootstrapping Spring Data JPA repositories in DEFAULT mode.
2023-03-13 14:34:49.878 [main] INFO  o.s.d.r.config.RepositoryConfigurationDelegate - Finished Spring Data repository scanning in 107 ms. Found 1 JPA repository interfaces.
2023-03-13 14:34:50.757 [main] ERROR org.apache.catalina.core.AprLifecycleListener - An incompatible version [1.1.0-dev] of the Apache Tomcat Native library is installed, while Tomcat requires version [1.2.14]
2023-03-13 14:34:51.167 [main] INFO  o.s.boot.web.embedded.tomcat.TomcatWebServer - Tomcat initialized with port(s): 1987 (http)
2023-03-13 14:34:51.185 [main] INFO  org.apache.coyote.http11.Http11NioProtocol - Initializing ProtocolHandler ["http-nio-1987"]
2023-03-13 14:34:51.186 [main] INFO  org.apache.catalina.core.StandardService - Starting service [Tomcat]
2023-03-13 14:34:51.187 [main] INFO  org.apache.catalina.core.StandardEngine - Starting Servlet engine: [Apache Tomcat/9.0.69]
2023-03-13 14:34:51.650 [main] INFO  o.a.c.core.ContainerBase.[Tomcat].[localhost].[/] - Initializing Spring embedded WebApplicationContext
2023-03-13 14:34:51.651 [main] INFO  o.s.b.w.s.c.ServletWebServerApplicationContext - Root WebApplicationContext: initialization completed in 3325 ms
2023-03-13 14:34:51.832 [main] INFO  c.a.d.s.b.a.DruidDataSourceAutoConfigure - Init DruidDataSource
2023-03-13 14:34:52.091 [main] INFO  com.alibaba.druid.pool.DruidDataSource - {dataSource-1} inited
2023-03-13 14:34:52.285 [main] INFO  org.hibernate.jpa.internal.util.LogHelper - HHH000204: Processing PersistenceUnitInfo [name: default]
2023-03-13 14:34:52.415 [main] INFO  org.hibernate.Version - HHH000412: Hibernate ORM core version 5.6.14.Final
2023-03-13 14:34:52.792 [main] INFO  org.hibernate.annotations.common.Version - HCANN000001: Hibernate Commons Annotations {5.1.2.Final}
2023-03-13 14:34:53.504 [main] INFO  org.hibernate.dialect.Dialect - HHH000400: Using dialect: org.hibernate.dialect.MySQL8Dialect
2023-03-13 14:34:54.522 [main] INFO  o.h.e.t.jta.platform.internal.JtaPlatformInitiator - HHH000490: Using JtaPlatform implementation: [org.hibernate.engine.transaction.jta.platform.internal.NoJtaPlatform]
2023-03-13 14:34:54.536 [main] INFO  o.s.orm.jpa.LocalContainerEntityManagerFactoryBean - Initialized JPA EntityManagerFactory for persistence unit 'default'
2023-03-13 14:34:55.085 [main] WARN  o.s.b.a.o.j.JpaBaseConfiguration$JpaWebConfiguration - spring.jpa.open-in-view is enabled by default. Therefore, database queries may be performed during view rendering. Explicitly configure spring.jpa.open-in-view to disable this warning
2023-03-13 14:34:55.333 [main] INFO  o.s.security.web.DefaultSecurityFilterChain - Will secure any request with [org.springframework.security.web.session.DisableEncodeUrlFilter@7de2bdc7, org.springframework.security.web.context.request.async.WebAsyncManagerIntegrationFilter@683ed81b, org.springframework.security.web.context.SecurityContextPersistenceFilter@71f056a, org.springframework.security.web.header.HeaderWriterFilter@58a7a58d, org.springframework.security.web.authentication.logout.LogoutFilter@4e80960a, com.hjy.onepiece.filter.JwtDecoderFilter@6fff46bf, org.springframework.security.web.savedrequest.RequestCacheAwareFilter@3b8b5b40, org.springframework.security.web.servletapi.SecurityContextHolderAwareRequestFilter@7305cfb1, org.springframework.security.web.authentication.AnonymousAuthenticationFilter@3c116f26, org.springframework.security.web.session.SessionManagementFilter@51cd2d2, org.springframework.security.web.access.ExceptionTranslationFilter@63f2d024, org.springframework.security.web.access.intercept.FilterSecurityInterceptor@2b6ee447]
2023-03-13 14:34:55.837 [main] WARN  org.thymeleaf.templatemode.TemplateMode - [THYMELEAF][main] Template Mode 'HTML5' is deprecated. Using Template Mode 'HTML' instead.
2023-03-13 14:34:56.025 [main] INFO  org.apache.coyote.http11.Http11NioProtocol - Starting ProtocolHandler ["http-nio-1987"]
2023-03-13 14:34:56.068 [main] INFO  o.s.boot.web.embedded.tomcat.TomcatWebServer - Tomcat started on port(s): 1987 (http) with context path ''
2023-03-13 14:34:56.086 [main] INFO  com.hjy.onepiece.OnepieceApplication - Started OnepieceApplication in 8.995 seconds (JVM running for 15.99)
2023-03-13 15:31:59.959 [http-nio-1987-exec-2] INFO  o.a.c.core.ContainerBase.[Tomcat].[localhost].[/] - Initializing Spring DispatcherServlet 'dispatcherServlet'
2023-03-13 15:31:59.974 [http-nio-1987-exec-2] INFO  org.springframework.web.servlet.DispatcherServlet - Initializing Servlet 'dispatcherServlet'
2023-03-13 15:32:00.087 [http-nio-1987-exec-2] INFO  org.springframework.web.servlet.DispatcherServlet - Completed initialization in 113 ms
2023-03-13 15:33:43.335 [SpringApplicationShutdownHook] INFO  o.s.orm.jpa.LocalContainerEntityManagerFactoryBean - Closing JPA EntityManagerFactory for persistence unit 'default'
2023-03-13 15:33:43.377 [SpringApplicationShutdownHook] INFO  com.alibaba.druid.pool.DruidDataSource - {dataSource-1} closed
2023-03-13 15:34:02.196 [main] INFO  com.hjy.onepiece.OnepieceApplication - Starting OnepieceApplication using Java 1.8.0 on 代码制造永动机 with PID 9460 (D:\github\sakura\ONEPIECE\target\classes started by HeJianyu in D:\github\sakura\ONEPIECE)
2023-03-13 15:34:02.204 [main] INFO  com.hjy.onepiece.OnepieceApplication - No active profile set, falling back to 1 default profile: "default"
2023-03-13 15:34:04.393 [main] INFO  o.s.d.r.config.RepositoryConfigurationDelegate - Bootstrapping Spring Data JPA repositories in DEFAULT mode.
2023-03-13 15:34:04.541 [main] INFO  o.s.d.r.config.RepositoryConfigurationDelegate - Finished Spring Data repository scanning in 121 ms. Found 1 JPA repository interfaces.
2023-03-13 15:34:05.932 [main] ERROR org.apache.catalina.core.AprLifecycleListener - An incompatible version [1.1.0-dev] of the Apache Tomcat Native library is installed, while Tomcat requires version [1.2.14]
2023-03-13 15:34:06.618 [main] INFO  o.s.boot.web.embedded.tomcat.TomcatWebServer - Tomcat initialized with port(s): 1987 (http)
2023-03-13 15:34:06.647 [main] INFO  org.apache.coyote.http11.Http11NioProtocol - Initializing ProtocolHandler ["http-nio-1987"]
2023-03-13 15:34:06.649 [main] INFO  org.apache.catalina.core.StandardService - Starting service [Tomcat]
2023-03-13 15:34:06.650 [main] INFO  org.apache.catalina.core.StandardEngine - Starting Servlet engine: [Apache Tomcat/9.0.69]
2023-03-13 15:34:07.070 [main] INFO  o.a.c.core.ContainerBase.[Tomcat].[localhost].[/] - Initializing Spring embedded WebApplicationContext
2023-03-13 15:34:07.070 [main] INFO  o.s.b.w.s.c.ServletWebServerApplicationContext - Root WebApplicationContext: initialization completed in 4731 ms
2023-03-13 15:34:07.313 [main] INFO  c.a.d.s.b.a.DruidDataSourceAutoConfigure - Init DruidDataSource
2023-03-13 15:34:07.620 [main] INFO  com.alibaba.druid.pool.DruidDataSource - {dataSource-1} inited
2023-03-13 15:34:07.994 [main] INFO  org.hibernate.jpa.internal.util.LogHelper - HHH000204: Processing PersistenceUnitInfo [name: default]
2023-03-13 15:34:08.097 [main] INFO  org.hibernate.Version - HHH000412: Hibernate ORM core version 5.6.14.Final
2023-03-13 15:34:08.449 [main] INFO  org.hibernate.annotations.common.Version - HCANN000001: Hibernate Commons Annotations {5.1.2.Final}
2023-03-13 15:34:08.994 [main] INFO  org.hibernate.dialect.Dialect - HHH000400: Using dialect: org.hibernate.dialect.MySQL8Dialect
2023-03-13 15:34:10.094 [main] INFO  o.h.e.t.jta.platform.internal.JtaPlatformInitiator - HHH000490: Using JtaPlatform implementation: [org.hibernate.engine.transaction.jta.platform.internal.NoJtaPlatform]
2023-03-13 15:34:10.111 [main] INFO  o.s.orm.jpa.LocalContainerEntityManagerFactoryBean - Initialized JPA EntityManagerFactory for persistence unit 'default'
2023-03-13 15:34:10.708 [main] WARN  o.s.b.a.o.j.JpaBaseConfiguration$JpaWebConfiguration - spring.jpa.open-in-view is enabled by default. Therefore, database queries may be performed during view rendering. Explicitly configure spring.jpa.open-in-view to disable this warning
2023-03-13 15:34:10.925 [main] INFO  o.s.security.web.DefaultSecurityFilterChain - Will secure any request with [org.springframework.security.web.session.DisableEncodeUrlFilter@3436d3d7, org.springframework.security.web.context.request.async.WebAsyncManagerIntegrationFilter@3f40568e, org.springframework.security.web.context.SecurityContextPersistenceFilter@671f545b, org.springframework.security.web.header.HeaderWriterFilter@5c9e6d95, org.springframework.security.web.authentication.logout.LogoutFilter@1ecec098, com.hjy.onepiece.filter.JwtDecoderFilter@40bb4f87, org.springframework.security.web.savedrequest.RequestCacheAwareFilter@75c8d8e7, org.springframework.security.web.servletapi.SecurityContextHolderAwareRequestFilter@26feccf7, org.springframework.security.web.authentication.AnonymousAuthenticationFilter@2e47a71e, org.springframework.security.web.session.SessionManagementFilter@2cc97e47, org.springframework.security.web.access.ExceptionTranslationFilter@17dbca0a, org.springframework.security.web.access.intercept.FilterSecurityInterceptor@9de1b85]
2023-03-13 15:34:11.392 [main] WARN  org.thymeleaf.templatemode.TemplateMode - [THYMELEAF][main] Template Mode 'HTML5' is deprecated. Using Template Mode 'HTML' instead.
2023-03-13 15:34:11.554 [main] INFO  org.apache.coyote.http11.Http11NioProtocol - Starting ProtocolHandler ["http-nio-1987"]
2023-03-13 15:34:11.593 [main] INFO  o.s.boot.web.embedded.tomcat.TomcatWebServer - Tomcat started on port(s): 1987 (http) with context path ''
2023-03-13 15:34:11.611 [main] INFO  com.hjy.onepiece.OnepieceApplication - Started OnepieceApplication in 10.835 seconds (JVM running for 17.856)
2023-03-13 15:34:23.566 [http-nio-1987-exec-1] INFO  o.a.c.core.ContainerBase.[Tomcat].[localhost].[/] - Initializing Spring DispatcherServlet 'dispatcherServlet'
2023-03-13 15:34:23.566 [http-nio-1987-exec-1] INFO  org.springframework.web.servlet.DispatcherServlet - Initializing Servlet 'dispatcherServlet'
2023-03-13 15:34:23.569 [http-nio-1987-exec-1] INFO  org.springframework.web.servlet.DispatcherServlet - Completed initialization in 3 ms
2023-03-13 15:50:31.594 [SpringApplicationShutdownHook] INFO  o.s.orm.jpa.LocalContainerEntityManagerFactoryBean - Closing JPA EntityManagerFactory for persistence unit 'default'
2023-03-13 15:50:31.670 [SpringApplicationShutdownHook] INFO  com.alibaba.druid.pool.DruidDataSource - {dataSource-1} closed
2023-03-13 15:50:50.028 [main] INFO  com.hjy.onepiece.OnepieceApplication - Starting OnepieceApplication using Java 1.8.0 on 代码制造永动机 with PID 10608 (D:\github\sakura\ONEPIECE\target\classes started by HeJianyu in D:\github\sakura\ONEPIECE)
2023-03-13 15:50:50.033 [main] INFO  com.hjy.onepiece.OnepieceApplication - No active profile set, falling back to 1 default profile: "default"
2023-03-13 15:50:51.427 [main] INFO  o.s.d.r.config.RepositoryConfigurationDelegate - Bootstrapping Spring Data JPA repositories in DEFAULT mode.
2023-03-13 15:50:51.548 [main] INFO  o.s.d.r.config.RepositoryConfigurationDelegate - Finished Spring Data repository scanning in 98 ms. Found 1 JPA repository interfaces.
2023-03-13 15:50:52.273 [main] ERROR org.apache.catalina.core.AprLifecycleListener - An incompatible version [1.1.0-dev] of the Apache Tomcat Native library is installed, while Tomcat requires version [1.2.14]
2023-03-13 15:50:52.606 [main] INFO  o.s.boot.web.embedded.tomcat.TomcatWebServer - Tomcat initialized with port(s): 1987 (http)
2023-03-13 15:50:52.620 [main] INFO  org.apache.coyote.http11.Http11NioProtocol - Initializing ProtocolHandler ["http-nio-1987"]
2023-03-13 15:50:52.621 [main] INFO  org.apache.catalina.core.StandardService - Starting service [Tomcat]
2023-03-13 15:50:52.621 [main] INFO  org.apache.catalina.core.StandardEngine - Starting Servlet engine: [Apache Tomcat/9.0.69]
2023-03-13 15:50:52.900 [main] INFO  o.a.c.core.ContainerBase.[Tomcat].[localhost].[/] - Initializing Spring embedded WebApplicationContext
2023-03-13 15:50:52.900 [main] INFO  o.s.b.w.s.c.ServletWebServerApplicationContext - Root WebApplicationContext: initialization completed in 2783 ms
2023-03-13 15:50:53.055 [main] INFO  c.a.d.s.b.a.DruidDataSourceAutoConfigure - Init DruidDataSource
2023-03-13 15:50:53.275 [main] INFO  com.alibaba.druid.pool.DruidDataSource - {dataSource-1} inited
2023-03-13 15:50:53.442 [main] INFO  org.hibernate.jpa.internal.util.LogHelper - HHH000204: Processing PersistenceUnitInfo [name: default]
2023-03-13 15:50:53.740 [main] INFO  org.hibernate.Version - HHH000412: Hibernate ORM core version 5.6.14.Final
2023-03-13 15:50:54.087 [main] INFO  org.hibernate.annotations.common.Version - HCANN000001: Hibernate Commons Annotations {5.1.2.Final}
2023-03-13 15:50:54.540 [main] INFO  org.hibernate.dialect.Dialect - HHH000400: Using dialect: org.hibernate.dialect.MySQL8Dialect
2023-03-13 15:50:55.635 [main] INFO  o.h.e.t.jta.platform.internal.JtaPlatformInitiator - HHH000490: Using JtaPlatform implementation: [org.hibernate.engine.transaction.jta.platform.internal.NoJtaPlatform]
2023-03-13 15:50:55.650 [main] INFO  o.s.orm.jpa.LocalContainerEntityManagerFactoryBean - Initialized JPA EntityManagerFactory for persistence unit 'default'
2023-03-13 15:50:56.313 [main] WARN  o.s.b.a.o.j.JpaBaseConfiguration$JpaWebConfiguration - spring.jpa.open-in-view is enabled by default. Therefore, database queries may be performed during view rendering. Explicitly configure spring.jpa.open-in-view to disable this warning
2023-03-13 15:50:56.530 [main] INFO  o.s.security.web.DefaultSecurityFilterChain - Will secure any request with [org.springframework.security.web.session.DisableEncodeUrlFilter@49353d43, org.springframework.security.web.context.request.async.WebAsyncManagerIntegrationFilter@57e57dc5, org.springframework.security.web.context.SecurityContextPersistenceFilter@55317c63, org.springframework.security.web.header.HeaderWriterFilter@57867d96, org.springframework.security.web.authentication.logout.LogoutFilter@154b0748, com.hjy.onepiece.filter.JwtDecoderFilter@991cbde, org.springframework.security.web.savedrequest.RequestCacheAwareFilter@42ef5216, org.springframework.security.web.servletapi.SecurityContextHolderAwareRequestFilter@582ea164, org.springframework.security.web.authentication.AnonymousAuthenticationFilter@5bba9949, org.springframework.security.web.session.SessionManagementFilter@7582a16b, org.springframework.security.web.access.ExceptionTranslationFilter@3ae91ab3, org.springframework.security.web.access.intercept.FilterSecurityInterceptor@6e355249]
2023-03-13 15:50:56.896 [main] WARN  org.thymeleaf.templatemode.TemplateMode - [THYMELEAF][main] Template Mode 'HTML5' is deprecated. Using Template Mode 'HTML' instead.
2023-03-13 15:50:57.022 [main] INFO  org.apache.coyote.http11.Http11NioProtocol - Starting ProtocolHandler ["http-nio-1987"]
2023-03-13 15:50:57.056 [main] INFO  o.s.boot.web.embedded.tomcat.TomcatWebServer - Tomcat started on port(s): 1987 (http) with context path ''
2023-03-13 15:50:57.068 [main] INFO  com.hjy.onepiece.OnepieceApplication - Started OnepieceApplication in 8.023 seconds (JVM running for 15.171)
2023-03-13 15:51:18.680 [SpringApplicationShutdownHook] INFO  o.s.orm.jpa.LocalContainerEntityManagerFactoryBean - Closing JPA EntityManagerFactory for persistence unit 'default'
2023-03-13 15:51:18.690 [SpringApplicationShutdownHook] INFO  com.alibaba.druid.pool.DruidDataSource - {dataSource-1} closed
2023-03-13 15:51:33.218 [main] INFO  com.hjy.onepiece.OnepieceApplication - Starting OnepieceApplication using Java 1.8.0 on 代码制造永动机 with PID 19632 (D:\github\sakura\ONEPIECE\target\classes started by HeJianyu in D:\github\sakura\ONEPIECE)
2023-03-13 15:51:33.223 [main] INFO  com.hjy.onepiece.OnepieceApplication - No active profile set, falling back to 1 default profile: "default"
2023-03-13 15:51:34.453 [main] INFO  o.s.d.r.config.RepositoryConfigurationDelegate - Bootstrapping Spring Data JPA repositories in DEFAULT mode.
2023-03-13 15:51:34.536 [main] INFO  o.s.d.r.config.RepositoryConfigurationDelegate - Finished Spring Data repository scanning in 70 ms. Found 1 JPA repository interfaces.
2023-03-13 15:51:35.200 [main] ERROR org.apache.catalina.core.AprLifecycleListener - An incompatible version [1.1.0-dev] of the Apache Tomcat Native library is installed, while Tomcat requires version [1.2.14]
2023-03-13 15:51:35.524 [main] INFO  o.s.boot.web.embedded.tomcat.TomcatWebServer - Tomcat initialized with port(s): 1987 (http)
2023-03-13 15:51:35.538 [main] INFO  org.apache.coyote.http11.Http11NioProtocol - Initializing ProtocolHandler ["http-nio-1987"]
2023-03-13 15:51:35.538 [main] INFO  org.apache.catalina.core.StandardService - Starting service [Tomcat]
2023-03-13 15:51:35.539 [main] INFO  org.apache.catalina.core.StandardEngine - Starting Servlet engine: [Apache Tomcat/9.0.69]
2023-03-13 15:51:35.806 [main] INFO  o.a.c.core.ContainerBase.[Tomcat].[localhost].[/] - Initializing Spring embedded WebApplicationContext
2023-03-13 15:51:35.806 [main] INFO  o.s.b.w.s.c.ServletWebServerApplicationContext - Root WebApplicationContext: initialization completed in 2507 ms
2023-03-13 15:51:35.963 [main] INFO  c.a.d.s.b.a.DruidDataSourceAutoConfigure - Init DruidDataSource
2023-03-13 15:51:36.180 [main] INFO  com.alibaba.druid.pool.DruidDataSource - {dataSource-1} inited
2023-03-13 15:51:36.335 [main] INFO  org.hibernate.jpa.internal.util.LogHelper - HHH000204: Processing PersistenceUnitInfo [name: default]
2023-03-13 15:51:36.436 [main] INFO  org.hibernate.Version - HHH000412: Hibernate ORM core version 5.6.14.Final
2023-03-13 15:51:36.734 [main] INFO  org.hibernate.annotations.common.Version - HCANN000001: Hibernate Commons Annotations {5.1.2.Final}
2023-03-13 15:51:37.302 [main] INFO  org.hibernate.dialect.Dialect - HHH000400: Using dialect: org.hibernate.dialect.MySQL8Dialect
2023-03-13 15:51:38.159 [main] INFO  o.h.e.t.jta.platform.internal.JtaPlatformInitiator - HHH000490: Using JtaPlatform implementation: [org.hibernate.engine.transaction.jta.platform.internal.NoJtaPlatform]
2023-03-13 15:51:38.171 [main] INFO  o.s.orm.jpa.LocalContainerEntityManagerFactoryBean - Initialized JPA EntityManagerFactory for persistence unit 'default'
2023-03-13 15:51:38.607 [main] WARN  o.s.b.a.o.j.JpaBaseConfiguration$JpaWebConfiguration - spring.jpa.open-in-view is enabled by default. Therefore, database queries may be performed during view rendering. Explicitly configure spring.jpa.open-in-view to disable this warning
2023-03-13 15:51:38.803 [main] INFO  o.s.security.web.DefaultSecurityFilterChain - Will secure any request with [org.springframework.security.web.session.DisableEncodeUrlFilter@652a1a17, org.springframework.security.web.context.request.async.WebAsyncManagerIntegrationFilter@20b67366, org.springframework.security.web.context.SecurityContextPersistenceFilter@3a4cb483, org.springframework.security.web.header.HeaderWriterFilter@78b8f818, org.springframework.security.web.authentication.logout.LogoutFilter@3de383f7, com.hjy.onepiece.filter.JwtDecoderFilter@de7e193, org.springframework.security.web.savedrequest.RequestCacheAwareFilter@fe156f4, org.springframework.security.web.servletapi.SecurityContextHolderAwareRequestFilter@62c46e53, org.springframework.security.web.authentication.AnonymousAuthenticationFilter@186d6033, org.springframework.security.web.session.SessionManagementFilter@c2f7c63, org.springframework.security.web.access.ExceptionTranslationFilter@7cd8831c, org.springframework.security.web.access.intercept.FilterSecurityInterceptor@4fc71437]
2023-03-13 15:51:39.199 [main] WARN  org.thymeleaf.templatemode.TemplateMode - [THYMELEAF][main] Template Mode 'HTML5' is deprecated. Using Template Mode 'HTML' instead.
2023-03-13 15:51:39.328 [main] INFO  org.apache.coyote.http11.Http11NioProtocol - Starting ProtocolHandler ["http-nio-1987"]
2023-03-13 15:51:39.355 [main] INFO  o.s.boot.web.embedded.tomcat.TomcatWebServer - Tomcat started on port(s): 1987 (http) with context path ''
2023-03-13 15:51:39.367 [main] INFO  com.hjy.onepiece.OnepieceApplication - Started OnepieceApplication in 7.077 seconds (JVM running for 13.371)
2023-03-13 15:52:07.191 [http-nio-1987-exec-1] INFO  o.a.c.core.ContainerBase.[Tomcat].[localhost].[/] - Initializing Spring DispatcherServlet 'dispatcherServlet'
2023-03-13 15:52:07.191 [http-nio-1987-exec-1] INFO  org.springframework.web.servlet.DispatcherServlet - Initializing Servlet 'dispatcherServlet'
2023-03-13 15:52:07.194 [http-nio-1987-exec-1] INFO  org.springframework.web.servlet.DispatcherServlet - Completed initialization in 2 ms
2023-03-13 16:04:17.922 [SpringApplicationShutdownHook] INFO  o.s.orm.jpa.LocalContainerEntityManagerFactoryBean - Closing JPA EntityManagerFactory for persistence unit 'default'
2023-03-13 16:04:18.021 [SpringApplicationShutdownHook] INFO  com.alibaba.druid.pool.DruidDataSource - {dataSource-1} closed
2023-03-13 16:04:33.844 [main] INFO  com.hjy.onepiece.OnepieceApplication - Starting OnepieceApplication using Java 1.8.0 on 代码制造永动机 with PID 22032 (D:\github\sakura\ONEPIECE\target\classes started by HeJianyu in D:\github\sakura\ONEPIECE)
2023-03-13 16:04:33.861 [main] INFO  com.hjy.onepiece.OnepieceApplication - No active profile set, falling back to 1 default profile: "default"
2023-03-13 16:04:36.230 [main] INFO  o.s.d.r.config.RepositoryConfigurationDelegate - Bootstrapping Spring Data JPA repositories in DEFAULT mode.
2023-03-13 16:04:36.323 [main] INFO  o.s.d.r.config.RepositoryConfigurationDelegate - Finished Spring Data repository scanning in 76 ms. Found 1 JPA repository interfaces.
2023-03-13 16:04:37.091 [main] ERROR org.apache.catalina.core.AprLifecycleListener - An incompatible version [1.1.0-dev] of the Apache Tomcat Native library is installed, while Tomcat requires version [1.2.14]
2023-03-13 16:04:37.490 [main] INFO  o.s.boot.web.embedded.tomcat.TomcatWebServer - Tomcat initialized with port(s): 1987 (http)
2023-03-13 16:04:37.505 [main] INFO  org.apache.coyote.http11.Http11NioProtocol - Initializing ProtocolHandler ["http-nio-1987"]
2023-03-13 16:04:37.507 [main] INFO  org.apache.catalina.core.StandardService - Starting service [Tomcat]
2023-03-13 16:04:37.507 [main] INFO  org.apache.catalina.core.StandardEngine - Starting Servlet engine: [Apache Tomcat/9.0.69]
2023-03-13 16:04:37.931 [main] INFO  o.a.c.core.ContainerBase.[Tomcat].[localhost].[/] - Initializing Spring embedded WebApplicationContext
2023-03-13 16:04:37.931 [main] INFO  o.s.b.w.s.c.ServletWebServerApplicationContext - Root WebApplicationContext: initialization completed in 3560 ms
2023-03-13 16:04:38.073 [main] INFO  c.a.d.s.b.a.DruidDataSourceAutoConfigure - Init DruidDataSource
2023-03-13 16:04:38.263 [main] INFO  com.alibaba.druid.pool.DruidDataSource - {dataSource-1} inited
2023-03-13 16:04:38.408 [main] INFO  org.hibernate.jpa.internal.util.LogHelper - HHH000204: Processing PersistenceUnitInfo [name: default]
2023-03-13 16:04:38.494 [main] INFO  org.hibernate.Version - HHH000412: Hibernate ORM core version 5.6.14.Final
2023-03-13 16:04:38.753 [main] INFO  org.hibernate.annotations.common.Version - HCANN000001: Hibernate Commons Annotations {5.1.2.Final}
2023-03-13 16:04:39.147 [main] INFO  org.hibernate.dialect.Dialect - HHH000400: Using dialect: org.hibernate.dialect.MySQL8Dialect
2023-03-13 16:04:40.095 [main] INFO  o.h.e.t.jta.platform.internal.JtaPlatformInitiator - HHH000490: Using JtaPlatform implementation: [org.hibernate.engine.transaction.jta.platform.internal.NoJtaPlatform]
2023-03-13 16:04:40.109 [main] INFO  o.s.orm.jpa.LocalContainerEntityManagerFactoryBean - Initialized JPA EntityManagerFactory for persistence unit 'default'
2023-03-13 16:04:40.861 [main] WARN  o.s.b.a.o.j.JpaBaseConfiguration$JpaWebConfiguration - spring.jpa.open-in-view is enabled by default. Therefore, database queries may be performed during view rendering. Explicitly configure spring.jpa.open-in-view to disable this warning
2023-03-13 16:04:41.231 [main] INFO  o.s.security.web.DefaultSecurityFilterChain - Will secure any request with [org.springframework.security.web.session.DisableEncodeUrlFilter@3ca6bd01, org.springframework.security.web.context.request.async.WebAsyncManagerIntegrationFilter@5acd7d1c, org.springframework.security.web.context.SecurityContextPersistenceFilter@5e2718b3, org.springframework.security.web.header.HeaderWriterFilter@a2fb8a5, org.springframework.security.web.authentication.logout.LogoutFilter@116915f1, com.hjy.onepiece.filter.JwtDecoderFilter@33f17289, org.springframework.security.web.savedrequest.RequestCacheAwareFilter@440461ef, org.springframework.security.web.servletapi.SecurityContextHolderAwareRequestFilter@69cc49ec, org.springframework.security.web.authentication.AnonymousAuthenticationFilter@6b52a40, org.springframework.security.web.session.SessionManagementFilter@2c978637, org.springframework.security.web.access.ExceptionTranslationFilter@5c5c784c, org.springframework.security.web.access.intercept.FilterSecurityInterceptor@1cfd6f63]
2023-03-13 16:04:41.990 [main] WARN  org.thymeleaf.templatemode.TemplateMode - [THYMELEAF][main] Template Mode 'HTML5' is deprecated. Using Template Mode 'HTML' instead.
2023-03-13 16:04:42.340 [main] INFO  org.apache.coyote.http11.Http11NioProtocol - Starting ProtocolHandler ["http-nio-1987"]
2023-03-13 16:04:42.421 [main] INFO  o.s.boot.web.embedded.tomcat.TomcatWebServer - Tomcat started on port(s): 1987 (http) with context path ''
2023-03-13 16:04:42.450 [main] INFO  com.hjy.onepiece.OnepieceApplication - Started OnepieceApplication in 9.932 seconds (JVM running for 16.397)
2023-03-13 16:05:19.262 [http-nio-1987-exec-1] INFO  o.a.c.core.ContainerBase.[Tomcat].[localhost].[/] - Initializing Spring DispatcherServlet 'dispatcherServlet'
2023-03-13 16:05:19.262 [http-nio-1987-exec-1] INFO  org.springframework.web.servlet.DispatcherServlet - Initializing Servlet 'dispatcherServlet'
2023-03-13 16:05:19.265 [http-nio-1987-exec-1] INFO  org.springframework.web.servlet.DispatcherServlet - Completed initialization in 3 ms
2023-03-13 16:07:12.592 [SpringApplicationShutdownHook] INFO  o.s.orm.jpa.LocalContainerEntityManagerFactoryBean - Closing JPA EntityManagerFactory for persistence unit 'default'
2023-03-13 16:07:12.616 [SpringApplicationShutdownHook] INFO  com.alibaba.druid.pool.DruidDataSource - {dataSource-1} closed
2023-03-13 16:07:27.164 [main] INFO  com.hjy.onepiece.OnepieceApplication - Starting OnepieceApplication using Java 1.8.0 on 代码制造永动机 with PID 24744 (D:\github\sakura\ONEPIECE\target\classes started by HeJianyu in D:\github\sakura\ONEPIECE)
2023-03-13 16:07:27.171 [main] INFO  com.hjy.onepiece.OnepieceApplication - No active profile set, falling back to 1 default profile: "default"
2023-03-13 16:07:28.923 [main] INFO  o.s.d.r.config.RepositoryConfigurationDelegate - Bootstrapping Spring Data JPA repositories in DEFAULT mode.
2023-03-13 16:07:29.041 [main] INFO  o.s.d.r.config.RepositoryConfigurationDelegate - Finished Spring Data repository scanning in 96 ms. Found 1 JPA repository interfaces.
2023-03-13 16:07:29.737 [main] ERROR org.apache.catalina.core.AprLifecycleListener - An incompatible version [1.1.0-dev] of the Apache Tomcat Native library is installed, while Tomcat requires version [1.2.14]
2023-03-13 16:07:30.061 [main] INFO  o.s.boot.web.embedded.tomcat.TomcatWebServer - Tomcat initialized with port(s): 1987 (http)
2023-03-13 16:07:30.074 [main] INFO  org.apache.coyote.http11.Http11NioProtocol - Initializing ProtocolHandler ["http-nio-1987"]
2023-03-13 16:07:30.075 [main] INFO  org.apache.catalina.core.StandardService - Starting service [Tomcat]
2023-03-13 16:07:30.075 [main] INFO  org.apache.catalina.core.StandardEngine - Starting Servlet engine: [Apache Tomcat/9.0.69]
2023-03-13 16:07:30.459 [main] INFO  o.a.c.core.ContainerBase.[Tomcat].[localhost].[/] - Initializing Spring embedded WebApplicationContext
2023-03-13 16:07:30.460 [main] INFO  o.s.b.w.s.c.ServletWebServerApplicationContext - Root WebApplicationContext: initialization completed in 3198 ms
2023-03-13 16:07:30.584 [main] INFO  c.a.d.s.b.a.DruidDataSourceAutoConfigure - Init DruidDataSource
2023-03-13 16:07:30.770 [main] INFO  com.alibaba.druid.pool.DruidDataSource - {dataSource-1} inited
2023-03-13 16:07:30.911 [main] INFO  org.hibernate.jpa.internal.util.LogHelper - HHH000204: Processing PersistenceUnitInfo [name: default]
2023-03-13 16:07:31.011 [main] INFO  org.hibernate.Version - HHH000412: Hibernate ORM core version 5.6.14.Final
2023-03-13 16:07:31.274 [main] INFO  org.hibernate.annotations.common.Version - HCANN000001: Hibernate Commons Annotations {5.1.2.Final}
2023-03-13 16:07:31.669 [main] INFO  org.hibernate.dialect.Dialect - HHH000400: Using dialect: org.hibernate.dialect.MySQL8Dialect
2023-03-13 16:07:32.895 [main] INFO  o.h.e.t.jta.platform.internal.JtaPlatformInitiator - HHH000490: Using JtaPlatform implementation: [org.hibernate.engine.transaction.jta.platform.internal.NoJtaPlatform]
2023-03-13 16:07:32.909 [main] INFO  o.s.orm.jpa.LocalContainerEntityManagerFactoryBean - Initialized JPA EntityManagerFactory for persistence unit 'default'
2023-03-13 16:07:33.386 [main] WARN  o.s.b.a.o.j.JpaBaseConfiguration$JpaWebConfiguration - spring.jpa.open-in-view is enabled by default. Therefore, database queries may be performed during view rendering. Explicitly configure spring.jpa.open-in-view to disable this warning
2023-03-13 16:07:33.596 [main] INFO  o.s.security.web.DefaultSecurityFilterChain - Will secure any request with [org.springframework.security.web.session.DisableEncodeUrlFilter@72bce309, org.springframework.security.web.context.request.async.WebAsyncManagerIntegrationFilter@f439e0f, org.springframework.security.web.context.SecurityContextPersistenceFilter@154b0748, org.springframework.security.web.header.HeaderWriterFilter@1cfa7ee0, org.springframework.security.web.authentication.logout.LogoutFilter@3205610d, com.hjy.onepiece.filter.JwtDecoderFilter@7c5d1d25, org.springframework.security.web.savedrequest.RequestCacheAwareFilter@6cd7dc74, org.springframework.security.web.servletapi.SecurityContextHolderAwareRequestFilter@9746157, org.springframework.security.web.authentication.AnonymousAuthenticationFilter@62410e1f, org.springframework.security.web.session.SessionManagementFilter@7c5d36c3, org.springframework.security.web.access.ExceptionTranslationFilter@174cb0d8, org.springframework.security.web.access.intercept.FilterSecurityInterceptor@3211cc84]
2023-03-13 16:07:33.931 [main] WARN  org.thymeleaf.templatemode.TemplateMode - [THYMELEAF][main] Template Mode 'HTML5' is deprecated. Using Template Mode 'HTML' instead.
2023-03-13 16:07:34.055 [main] INFO  org.apache.coyote.http11.Http11NioProtocol - Starting ProtocolHandler ["http-nio-1987"]
2023-03-13 16:07:34.100 [main] INFO  o.s.boot.web.embedded.tomcat.TomcatWebServer - Tomcat started on port(s): 1987 (http) with context path ''
2023-03-13 16:07:34.113 [main] INFO  com.hjy.onepiece.OnepieceApplication - Started OnepieceApplication in 8.167 seconds (JVM running for 14.406)
2023-03-13 16:08:19.174 [SpringApplicationShutdownHook] INFO  o.s.orm.jpa.LocalContainerEntityManagerFactoryBean - Closing JPA EntityManagerFactory for persistence unit 'default'
2023-03-13 16:08:19.179 [SpringApplicationShutdownHook] INFO  com.alibaba.druid.pool.DruidDataSource - {dataSource-1} closed
2023-03-13 16:08:29.363 [main] INFO  com.hjy.onepiece.OnepieceApplication - Starting OnepieceApplication using Java 1.8.0 on 代码制造永动机 with PID 19204 (D:\github\sakura\ONEPIECE\target\classes started by HeJianyu in D:\github\sakura\ONEPIECE)
2023-03-13 16:08:29.374 [main] INFO  com.hjy.onepiece.OnepieceApplication - No active profile set, falling back to 1 default profile: "default"
2023-03-13 16:08:30.587 [main] INFO  o.s.d.r.config.RepositoryConfigurationDelegate - Bootstrapping Spring Data JPA repositories in DEFAULT mode.
2023-03-13 16:08:30.669 [main] INFO  o.s.d.r.config.RepositoryConfigurationDelegate - Finished Spring Data repository scanning in 67 ms. Found 1 JPA repository interfaces.
2023-03-13 16:08:31.281 [main] ERROR org.apache.catalina.core.AprLifecycleListener - An incompatible version [1.1.0-dev] of the Apache Tomcat Native library is installed, while Tomcat requires version [1.2.14]
2023-03-13 16:08:31.585 [main] INFO  o.s.boot.web.embedded.tomcat.TomcatWebServer - Tomcat initialized with port(s): 1987 (http)
2023-03-13 16:08:31.597 [main] INFO  org.apache.coyote.http11.Http11NioProtocol - Initializing ProtocolHandler ["http-nio-1987"]
2023-03-13 16:08:31.598 [main] INFO  org.apache.catalina.core.StandardService - Starting service [Tomcat]
2023-03-13 16:08:31.599 [main] INFO  org.apache.catalina.core.StandardEngine - Starting Servlet engine: [Apache Tomcat/9.0.69]
2023-03-13 16:08:31.825 [main] INFO  o.a.c.core.ContainerBase.[Tomcat].[localhost].[/] - Initializing Spring embedded WebApplicationContext
2023-03-13 16:08:31.826 [main] INFO  o.s.b.w.s.c.ServletWebServerApplicationContext - Root WebApplicationContext: initialization completed in 2379 ms
2023-03-13 16:08:31.958 [main] INFO  c.a.d.s.b.a.DruidDataSourceAutoConfigure - Init DruidDataSource
2023-03-13 16:08:32.145 [main] INFO  com.alibaba.druid.pool.DruidDataSource - {dataSource-1} inited
2023-03-13 16:08:32.281 [main] INFO  org.hibernate.jpa.internal.util.LogHelper - HHH000204: Processing PersistenceUnitInfo [name: default]
2023-03-13 16:08:32.370 [main] INFO  org.hibernate.Version - HHH000412: Hibernate ORM core version 5.6.14.Final
2023-03-13 16:08:32.620 [main] INFO  org.hibernate.annotations.common.Version - HCANN000001: Hibernate Commons Annotations {5.1.2.Final}
2023-03-13 16:08:32.984 [main] INFO  org.hibernate.dialect.Dialect - HHH000400: Using dialect: org.hibernate.dialect.MySQL8Dialect
2023-03-13 16:08:33.957 [main] INFO  o.h.e.t.jta.platform.internal.JtaPlatformInitiator - HHH000490: Using JtaPlatform implementation: [org.hibernate.engine.transaction.jta.platform.internal.NoJtaPlatform]
2023-03-13 16:08:33.969 [main] INFO  o.s.orm.jpa.LocalContainerEntityManagerFactoryBean - Initialized JPA EntityManagerFactory for persistence unit 'default'
2023-03-13 16:08:34.380 [main] WARN  o.s.b.a.o.j.JpaBaseConfiguration$JpaWebConfiguration - spring.jpa.open-in-view is enabled by default. Therefore, database queries may be performed during view rendering. Explicitly configure spring.jpa.open-in-view to disable this warning
2023-03-13 16:08:34.543 [main] INFO  o.s.security.web.DefaultSecurityFilterChain - Will secure any request with [org.springframework.security.web.session.DisableEncodeUrlFilter@746e534, org.springframework.security.web.context.request.async.WebAsyncManagerIntegrationFilter@37665305, org.springframework.security.web.context.SecurityContextPersistenceFilter@62f7d7bd, org.springframework.security.web.header.HeaderWriterFilter@4d79d187, org.springframework.security.web.authentication.logout.LogoutFilter@2c465259, com.hjy.onepiece.filter.JwtDecoderFilter@4dc7cd1c, org.springframework.security.web.savedrequest.RequestCacheAwareFilter@5c5c784c, org.springframework.security.web.servletapi.SecurityContextHolderAwareRequestFilter@2dacda9a, org.springframework.security.web.authentication.AnonymousAuthenticationFilter@c683cf5, org.springframework.security.web.session.SessionManagementFilter@361b3ca6, org.springframework.security.web.access.ExceptionTranslationFilter@686fb58a, org.springframework.security.web.access.intercept.FilterSecurityInterceptor@7acb5200]
2023-03-13 16:08:34.847 [main] WARN  org.thymeleaf.templatemode.TemplateMode - [THYMELEAF][main] Template Mode 'HTML5' is deprecated. Using Template Mode 'HTML' instead.
2023-03-13 16:08:34.972 [main] INFO  org.apache.coyote.http11.Http11NioProtocol - Starting ProtocolHandler ["http-nio-1987"]
2023-03-13 16:08:34.996 [main] INFO  o.s.boot.web.embedded.tomcat.TomcatWebServer - Tomcat started on port(s): 1987 (http) with context path ''
2023-03-13 16:08:35.007 [main] INFO  com.hjy.onepiece.OnepieceApplication - Started OnepieceApplication in 6.61 seconds (JVM running for 12.567)
2023-03-13 16:09:03.199 [http-nio-1987-exec-1] INFO  o.a.c.core.ContainerBase.[Tomcat].[localhost].[/] - Initializing Spring DispatcherServlet 'dispatcherServlet'
2023-03-13 16:09:03.199 [http-nio-1987-exec-1] INFO  org.springframework.web.servlet.DispatcherServlet - Initializing Servlet 'dispatcherServlet'
2023-03-13 16:09:03.201 [http-nio-1987-exec-1] INFO  org.springframework.web.servlet.DispatcherServlet - Completed initialization in 2 ms
2023-03-13 16:15:15.378 [SpringApplicationShutdownHook] INFO  o.s.orm.jpa.LocalContainerEntityManagerFactoryBean - Closing JPA EntityManagerFactory for persistence unit 'default'
2023-03-13 16:15:15.464 [SpringApplicationShutdownHook] INFO  com.alibaba.druid.pool.DruidDataSource - {dataSource-1} closed
2023-03-13 16:15:48.967 [main] INFO  com.hjy.onepiece.OnepieceApplication - Starting OnepieceApplication using Java 1.8.0 on 代码制造永动机 with PID 25648 (D:\github\sakura\ONEPIECE\target\classes started by HeJianyu in D:\github\sakura\ONEPIECE)
2023-03-13 16:15:48.972 [main] INFO  com.hjy.onepiece.OnepieceApplication - No active profile set, falling back to 1 default profile: "default"
2023-03-13 16:15:50.218 [main] INFO  o.s.d.r.config.RepositoryConfigurationDelegate - Bootstrapping Spring Data JPA repositories in DEFAULT mode.
2023-03-13 16:15:50.316 [main] INFO  o.s.d.r.config.RepositoryConfigurationDelegate - Finished Spring Data repository scanning in 79 ms. Found 1 JPA repository interfaces.
2023-03-13 16:15:51.007 [main] ERROR org.apache.catalina.core.AprLifecycleListener - An incompatible version [1.1.0-dev] of the Apache Tomcat Native library is installed, while Tomcat requires version [1.2.14]
2023-03-13 16:15:51.341 [main] INFO  o.s.boot.web.embedded.tomcat.TomcatWebServer - Tomcat initialized with port(s): 1987 (http)
2023-03-13 16:15:51.354 [main] INFO  org.apache.coyote.http11.Http11NioProtocol - Initializing ProtocolHandler ["http-nio-1987"]
2023-03-13 16:15:51.355 [main] INFO  org.apache.catalina.core.StandardService - Starting service [Tomcat]
2023-03-13 16:15:51.356 [main] INFO  org.apache.catalina.core.StandardEngine - Starting Servlet engine: [Apache Tomcat/9.0.69]
2023-03-13 16:15:51.600 [main] INFO  o.a.c.core.ContainerBase.[Tomcat].[localhost].[/] - Initializing Spring embedded WebApplicationContext
2023-03-13 16:15:51.600 [main] INFO  o.s.b.w.s.c.ServletWebServerApplicationContext - Root WebApplicationContext: initialization completed in 2550 ms
2023-03-13 16:15:51.758 [main] INFO  c.a.d.s.b.a.DruidDataSourceAutoConfigure - Init DruidDataSource
2023-03-13 16:15:51.976 [main] INFO  com.alibaba.druid.pool.DruidDataSource - {dataSource-1} inited
2023-03-13 16:15:52.139 [main] INFO  org.hibernate.jpa.internal.util.LogHelper - HHH000204: Processing PersistenceUnitInfo [name: default]
2023-03-13 16:15:52.251 [main] INFO  org.hibernate.Version - HHH000412: Hibernate ORM core version 5.6.14.Final
2023-03-13 16:15:52.549 [main] INFO  org.hibernate.annotations.common.Version - HCANN000001: Hibernate Commons Annotations {5.1.2.Final}
2023-03-13 16:15:53.146 [main] INFO  org.hibernate.dialect.Dialect - HHH000400: Using dialect: org.hibernate.dialect.MySQL8Dialect
2023-03-13 16:15:54.072 [main] INFO  o.h.e.t.jta.platform.internal.JtaPlatformInitiator - HHH000490: Using JtaPlatform implementation: [org.hibernate.engine.transaction.jta.platform.internal.NoJtaPlatform]
2023-03-13 16:15:54.085 [main] INFO  o.s.orm.jpa.LocalContainerEntityManagerFactoryBean - Initialized JPA EntityManagerFactory for persistence unit 'default'
2023-03-13 16:15:54.521 [main] WARN  o.s.b.a.o.j.JpaBaseConfiguration$JpaWebConfiguration - spring.jpa.open-in-view is enabled by default. Therefore, database queries may be performed during view rendering. Explicitly configure spring.jpa.open-in-view to disable this warning
2023-03-13 16:15:54.714 [main] INFO  o.s.security.web.DefaultSecurityFilterChain - Will secure any request with [org.springframework.security.web.session.DisableEncodeUrlFilter@69d902f9, org.springframework.security.web.context.request.async.WebAsyncManagerIntegrationFilter@547052, org.springframework.security.web.context.SecurityContextPersistenceFilter@719bb60d, org.springframework.security.web.header.HeaderWriterFilter@44618fe6, org.springframework.security.web.authentication.logout.LogoutFilter@54e18a46, com.hjy.onepiece.filter.JwtDecoderFilter@2f10f633, org.springframework.security.web.savedrequest.RequestCacheAwareFilter@49639118, org.springframework.security.web.servletapi.SecurityContextHolderAwareRequestFilter@5fd4e67f, org.springframework.security.web.authentication.AnonymousAuthenticationFilter@3ca3eba2, org.springframework.security.web.session.SessionManagementFilter@3bf26810, org.springframework.security.web.access.ExceptionTranslationFilter@3cc6f036, org.springframework.security.web.access.intercept.FilterSecurityInterceptor@113c4ad6]
2023-03-13 16:15:55.075 [main] WARN  org.thymeleaf.templatemode.TemplateMode - [THYMELEAF][main] Template Mode 'HTML5' is deprecated. Using Template Mode 'HTML' instead.
2023-03-13 16:15:55.200 [main] INFO  org.apache.coyote.http11.Http11NioProtocol - Starting ProtocolHandler ["http-nio-1987"]
2023-03-13 16:15:55.227 [main] INFO  o.s.boot.web.embedded.tomcat.TomcatWebServer - Tomcat started on port(s): 1987 (http) with context path ''
2023-03-13 16:15:55.238 [main] INFO  com.hjy.onepiece.OnepieceApplication - Started OnepieceApplication in 7.199 seconds (JVM running for 13.349)
2023-03-13 16:16:34.973 [http-nio-1987-exec-1] INFO  o.a.c.core.ContainerBase.[Tomcat].[localhost].[/] - Initializing Spring DispatcherServlet 'dispatcherServlet'
2023-03-13 16:16:34.973 [http-nio-1987-exec-1] INFO  org.springframework.web.servlet.DispatcherServlet - Initializing Servlet 'dispatcherServlet'
2023-03-13 16:16:34.974 [http-nio-1987-exec-1] INFO  org.springframework.web.servlet.DispatcherServlet - Completed initialization in 1 ms
2023-03-13 16:17:41.592 [SpringApplicationShutdownHook] INFO  o.s.orm.jpa.LocalContainerEntityManagerFactoryBean - Closing JPA EntityManagerFactory for persistence unit 'default'
2023-03-13 16:17:41.601 [SpringApplicationShutdownHook] INFO  com.alibaba.druid.pool.DruidDataSource - {dataSource-1} closed
2023-03-13 16:18:05.858 [main] INFO  com.hjy.onepiece.OnepieceApplication - Starting OnepieceApplication using Java 1.8.0 on 代码制造永动机 with PID 25912 (D:\github\sakura\ONEPIECE\target\classes started by HeJianyu in D:\github\sakura\ONEPIECE)
2023-03-13 16:18:05.863 [main] INFO  com.hjy.onepiece.OnepieceApplication - No active profile set, falling back to 1 default profile: "default"
2023-03-13 16:18:07.079 [main] INFO  o.s.d.r.config.RepositoryConfigurationDelegate - Bootstrapping Spring Data JPA repositories in DEFAULT mode.
2023-03-13 16:18:07.168 [main] INFO  o.s.d.r.config.RepositoryConfigurationDelegate - Finished Spring Data repository scanning in 72 ms. Found 1 JPA repository interfaces.
2023-03-13 16:18:07.692 [main] ERROR org.apache.catalina.core.AprLifecycleListener - An incompatible version [1.1.0-dev] of the Apache Tomcat Native library is installed, while Tomcat requires version [1.2.14]
2023-03-13 16:18:08.015 [main] INFO  o.s.boot.web.embedded.tomcat.TomcatWebServer - Tomcat initialized with port(s): 1987 (http)
2023-03-13 16:18:08.031 [main] INFO  org.apache.coyote.http11.Http11NioProtocol - Initializing ProtocolHandler ["http-nio-1987"]
2023-03-13 16:18:08.032 [main] INFO  org.apache.catalina.core.StandardService - Starting service [Tomcat]
2023-03-13 16:18:08.033 [main] INFO  org.apache.catalina.core.StandardEngine - Starting Servlet engine: [Apache Tomcat/9.0.69]
2023-03-13 16:18:08.398 [main] INFO  o.a.c.core.ContainerBase.[Tomcat].[localhost].[/] - Initializing Spring embedded WebApplicationContext
2023-03-13 16:18:08.399 [main] INFO  o.s.b.w.s.c.ServletWebServerApplicationContext - Root WebApplicationContext: initialization completed in 2458 ms
2023-03-13 16:18:08.543 [main] INFO  c.a.d.s.b.a.DruidDataSourceAutoConfigure - Init DruidDataSource
2023-03-13 16:18:08.753 [main] INFO  com.alibaba.druid.pool.DruidDataSource - {dataSource-1} inited
2023-03-13 16:18:08.902 [main] INFO  org.hibernate.jpa.internal.util.LogHelper - HHH000204: Processing PersistenceUnitInfo [name: default]
2023-03-13 16:18:09.014 [main] INFO  org.hibernate.Version - HHH000412: Hibernate ORM core version 5.6.14.Final
2023-03-13 16:18:09.300 [main] INFO  org.hibernate.annotations.common.Version - HCANN000001: Hibernate Commons Annotations {5.1.2.Final}
2023-03-13 16:18:09.700 [main] INFO  org.hibernate.dialect.Dialect - HHH000400: Using dialect: org.hibernate.dialect.MySQL8Dialect
2023-03-13 16:18:10.809 [main] INFO  o.h.e.t.jta.platform.internal.JtaPlatformInitiator - HHH000490: Using JtaPlatform implementation: [org.hibernate.engine.transaction.jta.platform.internal.NoJtaPlatform]
2023-03-13 16:18:10.823 [main] INFO  o.s.orm.jpa.LocalContainerEntityManagerFactoryBean - Initialized JPA EntityManagerFactory for persistence unit 'default'
2023-03-13 16:18:11.283 [main] WARN  o.s.b.a.o.j.JpaBaseConfiguration$JpaWebConfiguration - spring.jpa.open-in-view is enabled by default. Therefore, database queries may be performed during view rendering. Explicitly configure spring.jpa.open-in-view to disable this warning
2023-03-13 16:18:11.494 [main] INFO  o.s.security.web.DefaultSecurityFilterChain - Will secure any request with [org.springframework.security.web.session.DisableEncodeUrlFilter@60ef30b1, org.springframework.security.web.context.request.async.WebAsyncManagerIntegrationFilter@3436d3d7, org.springframework.security.web.context.SecurityContextPersistenceFilter@c335b9, org.springframework.security.web.header.HeaderWriterFilter@54d2f5d3, org.springframework.security.web.authentication.logout.LogoutFilter@71fb1da3, com.hjy.onepiece.filter.JwtDecoderFilter@4fb04a72, org.springframework.security.web.savedrequest.RequestCacheAwareFilter@75c8d8e7, org.springframework.security.web.servletapi.SecurityContextHolderAwareRequestFilter@26feccf7, org.springframework.security.web.authentication.AnonymousAuthenticationFilter@3f40568e, org.springframework.security.web.session.SessionManagementFilter@671f545b, org.springframework.security.web.access.ExceptionTranslationFilter@5d00b469, org.springframework.security.web.access.intercept.FilterSecurityInterceptor@433b546f]
2023-03-13 16:18:11.844 [main] WARN  org.thymeleaf.templatemode.TemplateMode - [THYMELEAF][main] Template Mode 'HTML5' is deprecated. Using Template Mode 'HTML' instead.
2023-03-13 16:18:11.967 [main] INFO  org.apache.coyote.http11.Http11NioProtocol - Starting ProtocolHandler ["http-nio-1987"]
2023-03-13 16:18:11.992 [main] INFO  o.s.boot.web.embedded.tomcat.TomcatWebServer - Tomcat started on port(s): 1987 (http) with context path ''
2023-03-13 16:18:12.003 [main] INFO  com.hjy.onepiece.OnepieceApplication - Started OnepieceApplication in 6.987 seconds (JVM running for 13.064)
2023-03-13 16:18:20.879 [http-nio-1987-exec-1] INFO  o.a.c.core.ContainerBase.[Tomcat].[localhost].[/] - Initializing Spring DispatcherServlet 'dispatcherServlet'
2023-03-13 16:18:20.879 [http-nio-1987-exec-1] INFO  org.springframework.web.servlet.DispatcherServlet - Initializing Servlet 'dispatcherServlet'
2023-03-13 16:18:20.880 [http-nio-1987-exec-1] INFO  org.springframework.web.servlet.DispatcherServlet - Completed initialization in 1 ms
2023-03-13 16:19:59.308 [SpringApplicationShutdownHook] INFO  o.s.orm.jpa.LocalContainerEntityManagerFactoryBean - Closing JPA EntityManagerFactory for persistence unit 'default'
2023-03-13 16:19:59.321 [SpringApplicationShutdownHook] INFO  com.alibaba.druid.pool.DruidDataSource - {dataSource-1} closed
2023-03-13 16:20:10.608 [main] INFO  com.hjy.onepiece.OnepieceApplication - Starting OnepieceApplication using Java 1.8.0 on 代码制造永动机 with PID 25488 (D:\github\sakura\ONEPIECE\target\classes started by HeJianyu in D:\github\sakura\ONEPIECE)
2023-03-13 16:20:10.614 [main] INFO  com.hjy.onepiece.OnepieceApplication - No active profile set, falling back to 1 default profile: "default"
2023-03-13 16:20:11.796 [main] INFO  o.s.d.r.config.RepositoryConfigurationDelegate - Bootstrapping Spring Data JPA repositories in DEFAULT mode.
2023-03-13 16:20:11.878 [main] INFO  o.s.d.r.config.RepositoryConfigurationDelegate - Finished Spring Data repository scanning in 67 ms. Found 1 JPA repository interfaces.
2023-03-13 16:20:12.457 [main] ERROR org.apache.catalina.core.AprLifecycleListener - An incompatible version [1.1.0-dev] of the Apache Tomcat Native library is installed, while Tomcat requires version [1.2.14]
2023-03-13 16:20:12.771 [main] INFO  o.s.boot.web.embedded.tomcat.TomcatWebServer - Tomcat initialized with port(s): 1987 (http)
2023-03-13 16:20:12.785 [main] INFO  org.apache.coyote.http11.Http11NioProtocol - Initializing ProtocolHandler ["http-nio-1987"]
2023-03-13 16:20:12.785 [main] INFO  org.apache.catalina.core.StandardService - Starting service [Tomcat]
2023-03-13 16:20:12.786 [main] INFO  org.apache.catalina.core.StandardEngine - Starting Servlet engine: [Apache Tomcat/9.0.69]
2023-03-13 16:20:13.041 [main] INFO  o.a.c.core.ContainerBase.[Tomcat].[localhost].[/] - Initializing Spring embedded WebApplicationContext
2023-03-13 16:20:13.041 [main] INFO  o.s.b.w.s.c.ServletWebServerApplicationContext - Root WebApplicationContext: initialization completed in 2349 ms
2023-03-13 16:20:13.188 [main] INFO  c.a.d.s.b.a.DruidDataSourceAutoConfigure - Init DruidDataSource
2023-03-13 16:20:13.399 [main] INFO  com.alibaba.druid.pool.DruidDataSource - {dataSource-1} inited
2023-03-13 16:20:13.575 [main] INFO  org.hibernate.jpa.internal.util.LogHelper - HHH000204: Processing PersistenceUnitInfo [name: default]
2023-03-13 16:20:13.674 [main] INFO  org.hibernate.Version - HHH000412: Hibernate ORM core version 5.6.14.Final
2023-03-13 16:20:14.132 [main] INFO  org.hibernate.annotations.common.Version - HCANN000001: Hibernate Commons Annotations {5.1.2.Final}
2023-03-13 16:20:14.552 [main] INFO  org.hibernate.dialect.Dialect - HHH000400: Using dialect: org.hibernate.dialect.MySQL8Dialect
2023-03-13 16:20:15.438 [main] INFO  o.h.e.t.jta.platform.internal.JtaPlatformInitiator - HHH000490: Using JtaPlatform implementation: [org.hibernate.engine.transaction.jta.platform.internal.NoJtaPlatform]
2023-03-13 16:20:15.451 [main] INFO  o.s.orm.jpa.LocalContainerEntityManagerFactoryBean - Initialized JPA EntityManagerFactory for persistence unit 'default'
2023-03-13 16:20:15.870 [main] WARN  o.s.b.a.o.j.JpaBaseConfiguration$JpaWebConfiguration - spring.jpa.open-in-view is enabled by default. Therefore, database queries may be performed during view rendering. Explicitly configure spring.jpa.open-in-view to disable this warning
2023-03-13 16:20:16.058 [main] INFO  o.s.security.web.DefaultSecurityFilterChain - Will secure any request with [org.springframework.security.web.session.DisableEncodeUrlFilter@1344f7fe, org.springframework.security.web.context.request.async.WebAsyncManagerIntegrationFilter@64d53f0d, org.springframework.security.web.context.SecurityContextPersistenceFilter@1a7a21d0, org.springframework.security.web.header.HeaderWriterFilter@6f2a3b37, org.springframework.security.web.authentication.logout.LogoutFilter@612290d, com.hjy.onepiece.filter.JwtDecoderFilter@1da4b3f9, org.springframework.security.web.savedrequest.RequestCacheAwareFilter@6821c63c, org.springframework.security.web.servletapi.SecurityContextHolderAwareRequestFilter@79b4cff, org.springframework.security.web.authentication.AnonymousAuthenticationFilter@1b10f60e, org.springframework.security.web.session.SessionManagementFilter@3fc5d397, org.springframework.security.web.access.ExceptionTranslationFilter@53ddabc6, org.springframework.security.web.access.intercept.FilterSecurityInterceptor@538f45f1]
2023-03-13 16:20:16.375 [main] WARN  org.thymeleaf.templatemode.TemplateMode - [THYMELEAF][main] Template Mode 'HTML5' is deprecated. Using Template Mode 'HTML' instead.
2023-03-13 16:20:16.489 [main] INFO  org.apache.coyote.http11.Http11NioProtocol - Starting ProtocolHandler ["http-nio-1987"]
2023-03-13 16:20:16.516 [main] INFO  o.s.boot.web.embedded.tomcat.TomcatWebServer - Tomcat started on port(s): 1987 (http) with context path ''
2023-03-13 16:20:16.527 [main] INFO  com.hjy.onepiece.OnepieceApplication - Started OnepieceApplication in 6.811 seconds (JVM running for 12.772)
2023-03-13 16:20:28.388 [http-nio-1987-exec-4] INFO  o.a.c.core.ContainerBase.[Tomcat].[localhost].[/] - Initializing Spring DispatcherServlet 'dispatcherServlet'
2023-03-13 16:20:28.388 [http-nio-1987-exec-4] INFO  org.springframework.web.servlet.DispatcherServlet - Initializing Servlet 'dispatcherServlet'
2023-03-13 16:20:28.390 [http-nio-1987-exec-4] INFO  org.springframework.web.servlet.DispatcherServlet - Completed initialization in 2 ms
2023-03-13 16:21:49.371 [SpringApplicationShutdownHook] INFO  o.s.orm.jpa.LocalContainerEntityManagerFactoryBean - Closing JPA EntityManagerFactory for persistence unit 'default'
2023-03-13 16:21:49.376 [SpringApplicationShutdownHook] INFO  com.alibaba.druid.pool.DruidDataSource - {dataSource-1} closed
2023-03-13 16:21:59.977 [main] INFO  com.hjy.onepiece.OnepieceApplication - Starting OnepieceApplication using Java 1.8.0 on 代码制造永动机 with PID 13740 (D:\github\sakura\ONEPIECE\target\classes started by HeJianyu in D:\github\sakura\ONEPIECE)
2023-03-13 16:21:59.988 [main] INFO  com.hjy.onepiece.OnepieceApplication - No active profile set, falling back to 1 default profile: "default"
2023-03-13 16:22:01.368 [main] INFO  o.s.d.r.config.RepositoryConfigurationDelegate - Bootstrapping Spring Data JPA repositories in DEFAULT mode.
2023-03-13 16:22:01.458 [main] INFO  o.s.d.r.config.RepositoryConfigurationDelegate - Finished Spring Data repository scanning in 74 ms. Found 1 JPA repository interfaces.
2023-03-13 16:22:02.113 [main] ERROR org.apache.catalina.core.AprLifecycleListener - An incompatible version [1.1.0-dev] of the Apache Tomcat Native library is installed, while Tomcat requires version [1.2.14]
2023-03-13 16:22:02.486 [main] INFO  o.s.boot.web.embedded.tomcat.TomcatWebServer - Tomcat initialized with port(s): 1987 (http)
2023-03-13 16:22:02.499 [main] INFO  org.apache.coyote.http11.Http11NioProtocol - Initializing ProtocolHandler ["http-nio-1987"]
2023-03-13 16:22:02.500 [main] INFO  org.apache.catalina.core.StandardService - Starting service [Tomcat]
2023-03-13 16:22:02.500 [main] INFO  org.apache.catalina.core.StandardEngine - Starting Servlet engine: [Apache Tomcat/9.0.69]
2023-03-13 16:22:02.721 [main] INFO  o.a.c.core.ContainerBase.[Tomcat].[localhost].[/] - Initializing Spring embedded WebApplicationContext
2023-03-13 16:22:02.722 [main] INFO  o.s.b.w.s.c.ServletWebServerApplicationContext - Root WebApplicationContext: initialization completed in 2664 ms
2023-03-13 16:22:02.853 [main] INFO  c.a.d.s.b.a.DruidDataSourceAutoConfigure - Init DruidDataSource
2023-03-13 16:22:03.037 [main] INFO  com.alibaba.druid.pool.DruidDataSource - {dataSource-1} inited
2023-03-13 16:22:03.173 [main] INFO  org.hibernate.jpa.internal.util.LogHelper - HHH000204: Processing PersistenceUnitInfo [name: default]
2023-03-13 16:22:03.415 [main] INFO  org.hibernate.Version - HHH000412: Hibernate ORM core version 5.6.14.Final
2023-03-13 16:22:03.694 [main] INFO  org.hibernate.annotations.common.Version - HCANN000001: Hibernate Commons Annotations {5.1.2.Final}
2023-03-13 16:22:04.075 [main] INFO  org.hibernate.dialect.Dialect - HHH000400: Using dialect: org.hibernate.dialect.MySQL8Dialect
2023-03-13 16:22:05.105 [main] INFO  o.h.e.t.jta.platform.internal.JtaPlatformInitiator - HHH000490: Using JtaPlatform implementation: [org.hibernate.engine.transaction.jta.platform.internal.NoJtaPlatform]
2023-03-13 16:22:05.120 [main] INFO  o.s.orm.jpa.LocalContainerEntityManagerFactoryBean - Initialized JPA EntityManagerFactory for persistence unit 'default'
2023-03-13 16:22:05.616 [main] WARN  o.s.b.a.o.j.JpaBaseConfiguration$JpaWebConfiguration - spring.jpa.open-in-view is enabled by default. Therefore, database queries may be performed during view rendering. Explicitly configure spring.jpa.open-in-view to disable this warning
2023-03-13 16:22:05.797 [main] INFO  o.s.security.web.DefaultSecurityFilterChain - Will secure any request with [org.springframework.security.web.session.DisableEncodeUrlFilter@215c6ec0, org.springframework.security.web.context.request.async.WebAsyncManagerIntegrationFilter@2b19b346, org.springframework.security.web.context.SecurityContextPersistenceFilter@5e3405a1, org.springframework.security.web.header.HeaderWriterFilter@15d0b458, org.springframework.security.web.authentication.logout.LogoutFilter@1736273c, com.hjy.onepiece.filter.JwtDecoderFilter@2e463f4, org.springframework.security.web.savedrequest.RequestCacheAwareFilter@79e16dd9, org.springframework.security.web.servletapi.SecurityContextHolderAwareRequestFilter@2697c156, org.springframework.security.web.authentication.AnonymousAuthenticationFilter@37c5b8e8, org.springframework.security.web.session.SessionManagementFilter@6247c08c, org.springframework.security.web.access.ExceptionTranslationFilter@4fbc516f, org.springframework.security.web.access.intercept.FilterSecurityInterceptor@13f182b9]
2023-03-13 16:22:06.143 [main] WARN  org.thymeleaf.templatemode.TemplateMode - [THYMELEAF][main] Template Mode 'HTML5' is deprecated. Using Template Mode 'HTML' instead.
2023-03-13 16:22:06.277 [main] INFO  org.apache.coyote.http11.Http11NioProtocol - Starting ProtocolHandler ["http-nio-1987"]
2023-03-13 16:22:06.307 [main] INFO  o.s.boot.web.embedded.tomcat.TomcatWebServer - Tomcat started on port(s): 1987 (http) with context path ''
2023-03-13 16:22:06.319 [main] INFO  com.hjy.onepiece.OnepieceApplication - Started OnepieceApplication in 7.124 seconds (JVM running for 13.2)
2023-03-13 16:22:47.047 [http-nio-1987-exec-1] INFO  o.a.c.core.ContainerBase.[Tomcat].[localhost].[/] - Initializing Spring DispatcherServlet 'dispatcherServlet'
2023-03-13 16:22:47.047 [http-nio-1987-exec-1] INFO  org.springframework.web.servlet.DispatcherServlet - Initializing Servlet 'dispatcherServlet'
2023-03-13 16:22:47.048 [http-nio-1987-exec-1] INFO  org.springframework.web.servlet.DispatcherServlet - Completed initialization in 1 ms
2023-03-13 16:25:27.715 [SpringApplicationShutdownHook] INFO  o.s.orm.jpa.LocalContainerEntityManagerFactoryBean - Closing JPA EntityManagerFactory for persistence unit 'default'
2023-03-13 16:25:27.724 [SpringApplicationShutdownHook] INFO  com.alibaba.druid.pool.DruidDataSource - {dataSource-1} closed
2023-03-13 16:25:40.971 [main] INFO  com.hjy.onepiece.OnepieceApplication - Starting OnepieceApplication using Java 1.8.0 on 代码制造永动机 with PID 24548 (D:\github\sakura\ONEPIECE\target\classes started by HeJianyu in D:\github\sakura\ONEPIECE)
2023-03-13 16:25:40.976 [main] INFO  com.hjy.onepiece.OnepieceApplication - No active profile set, falling back to 1 default profile: "default"
2023-03-13 16:25:42.130 [main] INFO  o.s.d.r.config.RepositoryConfigurationDelegate - Bootstrapping Spring Data JPA repositories in DEFAULT mode.
2023-03-13 16:25:42.217 [main] INFO  o.s.d.r.config.RepositoryConfigurationDelegate - Finished Spring Data repository scanning in 72 ms. Found 1 JPA repository interfaces.
2023-03-13 16:25:42.831 [main] ERROR org.apache.catalina.core.AprLifecycleListener - An incompatible version [1.1.0-dev] of the Apache Tomcat Native library is installed, while Tomcat requires version [1.2.14]
2023-03-13 16:25:43.164 [main] INFO  o.s.boot.web.embedded.tomcat.TomcatWebServer - Tomcat initialized with port(s): 1987 (http)
2023-03-13 16:25:43.178 [main] INFO  org.apache.coyote.http11.Http11NioProtocol - Initializing ProtocolHandler ["http-nio-1987"]
2023-03-13 16:25:43.179 [main] INFO  org.apache.catalina.core.StandardService - Starting service [Tomcat]
2023-03-13 16:25:43.179 [main] INFO  org.apache.catalina.core.StandardEngine - Starting Servlet engine: [Apache Tomcat/9.0.69]
2023-03-13 16:25:43.432 [main] INFO  o.a.c.core.ContainerBase.[Tomcat].[localhost].[/] - Initializing Spring embedded WebApplicationContext
2023-03-13 16:25:43.432 [main] INFO  o.s.b.w.s.c.ServletWebServerApplicationContext - Root WebApplicationContext: initialization completed in 2383 ms
2023-03-13 16:25:43.587 [main] INFO  c.a.d.s.b.a.DruidDataSourceAutoConfigure - Init DruidDataSource
2023-03-13 16:25:43.800 [main] INFO  com.alibaba.druid.pool.DruidDataSource - {dataSource-1} inited
2023-03-13 16:25:43.958 [main] INFO  org.hibernate.jpa.internal.util.LogHelper - HHH000204: Processing PersistenceUnitInfo [name: default]
2023-03-13 16:25:44.252 [main] INFO  org.hibernate.Version - HHH000412: Hibernate ORM core version 5.6.14.Final
2023-03-13 16:25:44.551 [main] INFO  org.hibernate.annotations.common.Version - HCANN000001: Hibernate Commons Annotations {5.1.2.Final}
2023-03-13 16:25:44.971 [main] INFO  org.hibernate.dialect.Dialect - HHH000400: Using dialect: org.hibernate.dialect.MySQL8Dialect
2023-03-13 16:25:45.876 [main] INFO  o.h.e.t.jta.platform.internal.JtaPlatformInitiator - HHH000490: Using JtaPlatform implementation: [org.hibernate.engine.transaction.jta.platform.internal.NoJtaPlatform]
2023-03-13 16:25:45.889 [main] INFO  o.s.orm.jpa.LocalContainerEntityManagerFactoryBean - Initialized JPA EntityManagerFactory for persistence unit 'default'
2023-03-13 16:25:46.319 [main] WARN  o.s.b.a.o.j.JpaBaseConfiguration$JpaWebConfiguration - spring.jpa.open-in-view is enabled by default. Therefore, database queries may be performed during view rendering. Explicitly configure spring.jpa.open-in-view to disable this warning
2023-03-13 16:25:46.488 [main] INFO  o.s.security.web.DefaultSecurityFilterChain - Will secure any request with [org.springframework.security.web.session.DisableEncodeUrlFilter@1f57666b, org.springframework.security.web.context.request.async.WebAsyncManagerIntegrationFilter@7944c323, org.springframework.security.web.context.SecurityContextPersistenceFilter@6843fdc4, org.springframework.security.web.header.HeaderWriterFilter@19213a74, org.springframework.security.web.authentication.logout.LogoutFilter@504c415c, com.hjy.onepiece.filter.JwtDecoderFilter@36f7d7b, org.springframework.security.web.savedrequest.RequestCacheAwareFilter@6f430ea8, org.springframework.security.web.servletapi.SecurityContextHolderAwareRequestFilter@7131d668, org.springframework.security.web.authentication.AnonymousAuthenticationFilter@637d111d, org.springframework.security.web.session.SessionManagementFilter@5305f936, org.springframework.security.web.access.ExceptionTranslationFilter@5454be, org.springframework.security.web.access.intercept.FilterSecurityInterceptor@3ca3eba2]
2023-03-13 16:25:46.818 [main] WARN  org.thymeleaf.templatemode.TemplateMode - [THYMELEAF][main] Template Mode 'HTML5' is deprecated. Using Template Mode 'HTML' instead.
2023-03-13 16:25:46.934 [main] INFO  org.apache.coyote.http11.Http11NioProtocol - Starting ProtocolHandler ["http-nio-1987"]
2023-03-13 16:25:46.959 [main] INFO  o.s.boot.web.embedded.tomcat.TomcatWebServer - Tomcat started on port(s): 1987 (http) with context path ''
2023-03-13 16:25:46.970 [main] INFO  com.hjy.onepiece.OnepieceApplication - Started OnepieceApplication in 6.823 seconds (JVM running for 12.859)
2023-03-13 16:26:06.013 [http-nio-1987-exec-1] INFO  o.a.c.core.ContainerBase.[Tomcat].[localhost].[/] - Initializing Spring DispatcherServlet 'dispatcherServlet'
2023-03-13 16:26:06.013 [http-nio-1987-exec-1] INFO  org.springframework.web.servlet.DispatcherServlet - Initializing Servlet 'dispatcherServlet'
2023-03-13 16:26:06.014 [http-nio-1987-exec-1] INFO  org.springframework.web.servlet.DispatcherServlet - Completed initialization in 1 ms
2023-03-13 16:28:41.297 [SpringApplicationShutdownHook] INFO  o.s.orm.jpa.LocalContainerEntityManagerFactoryBean - Closing JPA EntityManagerFactory for persistence unit 'default'
2023-03-13 16:28:41.305 [SpringApplicationShutdownHook] INFO  com.alibaba.druid.pool.DruidDataSource - {dataSource-1} closed
2023-03-13 16:28:52.470 [main] INFO  com.hjy.onepiece.OnepieceApplication - Starting OnepieceApplication using Java 1.8.0 on 代码制造永动机 with PID 25860 (D:\github\sakura\ONEPIECE\target\classes started by HeJianyu in D:\github\sakura\ONEPIECE)
2023-03-13 16:28:52.475 [main] INFO  com.hjy.onepiece.OnepieceApplication - No active profile set, falling back to 1 default profile: "default"
2023-03-13 16:28:53.679 [main] INFO  o.s.d.r.config.RepositoryConfigurationDelegate - Bootstrapping Spring Data JPA repositories in DEFAULT mode.
2023-03-13 16:28:53.772 [main] INFO  o.s.d.r.config.RepositoryConfigurationDelegate - Finished Spring Data repository scanning in 79 ms. Found 1 JPA repository interfaces.
2023-03-13 16:28:54.445 [main] ERROR org.apache.catalina.core.AprLifecycleListener - An incompatible version [1.1.0-dev] of the Apache Tomcat Native library is installed, while Tomcat requires version [1.2.14]
2023-03-13 16:28:54.776 [main] INFO  o.s.boot.web.embedded.tomcat.TomcatWebServer - Tomcat initialized with port(s): 1987 (http)
2023-03-13 16:28:54.789 [main] INFO  org.apache.coyote.http11.Http11NioProtocol - Initializing ProtocolHandler ["http-nio-1987"]
2023-03-13 16:28:54.790 [main] INFO  org.apache.catalina.core.StandardService - Starting service [Tomcat]
2023-03-13 16:28:54.791 [main] INFO  org.apache.catalina.core.StandardEngine - Starting Servlet engine: [Apache Tomcat/9.0.69]
2023-03-13 16:28:55.070 [main] INFO  o.a.c.core.ContainerBase.[Tomcat].[localhost].[/] - Initializing Spring embedded WebApplicationContext
2023-03-13 16:28:55.070 [main] INFO  o.s.b.w.s.c.ServletWebServerApplicationContext - Root WebApplicationContext: initialization completed in 2516 ms
2023-03-13 16:28:55.215 [main] INFO  c.a.d.s.b.a.DruidDataSourceAutoConfigure - Init DruidDataSource
2023-03-13 16:28:55.453 [main] INFO  com.alibaba.druid.pool.DruidDataSource - {dataSource-1} inited
2023-03-13 16:28:55.691 [main] INFO  org.hibernate.jpa.internal.util.LogHelper - HHH000204: Processing PersistenceUnitInfo [name: default]
2023-03-13 16:28:55.989 [main] INFO  org.hibernate.Version - HHH000412: Hibernate ORM core version 5.6.14.Final
2023-03-13 16:28:56.297 [main] INFO  org.hibernate.annotations.common.Version - HCANN000001: Hibernate Commons Annotations {5.1.2.Final}
2023-03-13 16:28:56.703 [main] INFO  org.hibernate.dialect.Dialect - HHH000400: Using dialect: org.hibernate.dialect.MySQL8Dialect
2023-03-13 16:28:57.549 [main] INFO  o.h.e.t.jta.platform.internal.JtaPlatformInitiator - HHH000490: Using JtaPlatform implementation: [org.hibernate.engine.transaction.jta.platform.internal.NoJtaPlatform]
2023-03-13 16:28:57.562 [main] INFO  o.s.orm.jpa.LocalContainerEntityManagerFactoryBean - Initialized JPA EntityManagerFactory for persistence unit 'default'
2023-03-13 16:28:57.978 [main] WARN  o.s.b.a.o.j.JpaBaseConfiguration$JpaWebConfiguration - spring.jpa.open-in-view is enabled by default. Therefore, database queries may be performed during view rendering. Explicitly configure spring.jpa.open-in-view to disable this warning
2023-03-13 16:28:58.152 [main] INFO  o.s.security.web.DefaultSecurityFilterChain - Will secure any request with [org.springframework.security.web.session.DisableEncodeUrlFilter@1f57666b, org.springframework.security.web.context.request.async.WebAsyncManagerIntegrationFilter@7944c323, org.springframework.security.web.context.SecurityContextPersistenceFilter@2b1a1a37, org.springframework.security.web.header.HeaderWriterFilter@37dec463, org.springframework.security.web.authentication.logout.LogoutFilter@4f356b98, com.hjy.onepiece.filter.JwtDecoderFilter@33eb6758, org.springframework.security.web.savedrequest.RequestCacheAwareFilter@6843fdc4, org.springframework.security.web.servletapi.SecurityContextHolderAwareRequestFilter@771afdd5, org.springframework.security.web.authentication.AnonymousAuthenticationFilter@637d111d, org.springframework.security.web.session.SessionManagementFilter@59b1edab, org.springframework.security.web.access.ExceptionTranslationFilter@443dae2, org.springframework.security.web.access.intercept.FilterSecurityInterceptor@3ca3eba2]
2023-03-13 16:28:58.485 [main] WARN  org.thymeleaf.templatemode.TemplateMode - [THYMELEAF][main] Template Mode 'HTML5' is deprecated. Using Template Mode 'HTML' instead.
2023-03-13 16:28:58.609 [main] INFO  org.apache.coyote.http11.Http11NioProtocol - Starting ProtocolHandler ["http-nio-1987"]
2023-03-13 16:28:58.648 [main] INFO  o.s.boot.web.embedded.tomcat.TomcatWebServer - Tomcat started on port(s): 1987 (http) with context path ''
2023-03-13 16:28:58.659 [main] INFO  com.hjy.onepiece.OnepieceApplication - Started OnepieceApplication in 7.082 seconds (JVM running for 13.167)
2023-03-13 16:29:14.220 [http-nio-1987-exec-1] INFO  o.a.c.core.ContainerBase.[Tomcat].[localhost].[/] - Initializing Spring DispatcherServlet 'dispatcherServlet'
2023-03-13 16:29:14.220 [http-nio-1987-exec-1] INFO  org.springframework.web.servlet.DispatcherServlet - Initializing Servlet 'dispatcherServlet'
2023-03-13 16:29:14.224 [http-nio-1987-exec-1] INFO  org.springframework.web.servlet.DispatcherServlet - Completed initialization in 4 ms
2023-03-13 16:35:53.344 [SpringApplicationShutdownHook] INFO  o.s.orm.jpa.LocalContainerEntityManagerFactoryBean - Closing JPA EntityManagerFactory for persistence unit 'default'
2023-03-13 16:35:53.359 [SpringApplicationShutdownHook] INFO  com.alibaba.druid.pool.DruidDataSource - {dataSource-1} closed
2023-03-13 16:36:03.388 [main] INFO  com.hjy.onepiece.OnepieceApplication - Starting OnepieceApplication using Java 1.8.0 on 代码制造永动机 with PID 27280 (D:\github\sakura\ONEPIECE\target\classes started by HeJianyu in D:\github\sakura\ONEPIECE)
2023-03-13 16:36:03.393 [main] INFO  com.hjy.onepiece.OnepieceApplication - No active profile set, falling back to 1 default profile: "default"
2023-03-13 16:36:04.573 [main] INFO  o.s.d.r.config.RepositoryConfigurationDelegate - Bootstrapping Spring Data JPA repositories in DEFAULT mode.
2023-03-13 16:36:04.661 [main] INFO  o.s.d.r.config.RepositoryConfigurationDelegate - Finished Spring Data repository scanning in 71 ms. Found 1 JPA repository interfaces.
2023-03-13 16:36:05.314 [main] ERROR org.apache.catalina.core.AprLifecycleListener - An incompatible version [1.1.0-dev] of the Apache Tomcat Native library is installed, while Tomcat requires version [1.2.14]
2023-03-13 16:36:05.726 [main] INFO  o.s.boot.web.embedded.tomcat.TomcatWebServer - Tomcat initialized with port(s): 1987 (http)
2023-03-13 16:36:05.741 [main] INFO  org.apache.coyote.http11.Http11NioProtocol - Initializing ProtocolHandler ["http-nio-1987"]
2023-03-13 16:36:05.742 [main] INFO  org.apache.catalina.core.StandardService - Starting service [Tomcat]
2023-03-13 16:36:05.743 [main] INFO  org.apache.catalina.core.StandardEngine - Starting Servlet engine: [Apache Tomcat/9.0.69]
2023-03-13 16:36:06.037 [main] INFO  o.a.c.core.ContainerBase.[Tomcat].[localhost].[/] - Initializing Spring embedded WebApplicationContext
2023-03-13 16:36:06.038 [main] INFO  o.s.b.w.s.c.ServletWebServerApplicationContext - Root WebApplicationContext: initialization completed in 2569 ms
2023-03-13 16:36:06.218 [main] INFO  c.a.d.s.b.a.DruidDataSourceAutoConfigure - Init DruidDataSource
2023-03-13 16:36:06.520 [main] INFO  com.alibaba.druid.pool.DruidDataSource - {dataSource-1} inited
2023-03-13 16:36:06.712 [main] INFO  org.hibernate.jpa.internal.util.LogHelper - HHH000204: Processing PersistenceUnitInfo [name: default]
2023-03-13 16:36:07.059 [main] INFO  org.hibernate.Version - HHH000412: Hibernate ORM core version 5.6.14.Final
2023-03-13 16:36:07.434 [main] INFO  org.hibernate.annotations.common.Version - HCANN000001: Hibernate Commons Annotations {5.1.2.Final}
2023-03-13 16:36:07.940 [main] INFO  org.hibernate.dialect.Dialect - HHH000400: Using dialect: org.hibernate.dialect.MySQL8Dialect
2023-03-13 16:36:09.167 [main] INFO  o.h.e.t.jta.platform.internal.JtaPlatformInitiator - HHH000490: Using JtaPlatform implementation: [org.hibernate.engine.transaction.jta.platform.internal.NoJtaPlatform]
2023-03-13 16:36:09.188 [main] INFO  o.s.orm.jpa.LocalContainerEntityManagerFactoryBean - Initialized JPA EntityManagerFactory for persistence unit 'default'
2023-03-13 16:36:10.014 [main] WARN  o.s.b.a.o.j.JpaBaseConfiguration$JpaWebConfiguration - spring.jpa.open-in-view is enabled by default. Therefore, database queries may be performed during view rendering. Explicitly configure spring.jpa.open-in-view to disable this warning
2023-03-13 16:36:10.395 [main] INFO  o.s.security.web.DefaultSecurityFilterChain - Will secure any request with [org.springframework.security.web.session.DisableEncodeUrlFilter@42db955e, org.springframework.security.web.context.request.async.WebAsyncManagerIntegrationFilter@6bd2f039, org.springframework.security.web.context.SecurityContextPersistenceFilter@1e9d721, org.springframework.security.web.header.HeaderWriterFilter@69ac5752, org.springframework.security.web.authentication.logout.LogoutFilter@5340ccb9, com.hjy.onepiece.filter.JwtDecoderFilter@58aa10f4, org.springframework.security.web.savedrequest.RequestCacheAwareFilter@6f2864c3, org.springframework.security.web.servletapi.SecurityContextHolderAwareRequestFilter@57867d96, org.springframework.security.web.authentication.AnonymousAuthenticationFilter@6c8ad6d7, org.springframework.security.web.session.SessionManagementFilter@2a20da9f, org.springframework.security.web.access.ExceptionTranslationFilter@7d82ca56, org.springframework.security.web.access.intercept.FilterSecurityInterceptor@f96654]
2023-03-13 16:36:11.057 [main] WARN  org.thymeleaf.templatemode.TemplateMode - [THYMELEAF][main] Template Mode 'HTML5' is deprecated. Using Template Mode 'HTML' instead.
2023-03-13 16:36:11.305 [main] INFO  org.apache.coyote.http11.Http11NioProtocol - Starting ProtocolHandler ["http-nio-1987"]
2023-03-13 16:36:11.356 [main] INFO  o.s.boot.web.embedded.tomcat.TomcatWebServer - Tomcat started on port(s): 1987 (http) with context path ''
2023-03-13 16:36:11.381 [main] INFO  com.hjy.onepiece.OnepieceApplication - Started OnepieceApplication in 8.848 seconds (JVM running for 14.579)
2023-03-13 16:36:54.419 [http-nio-1987-exec-1] INFO  o.a.c.core.ContainerBase.[Tomcat].[localhost].[/] - Initializing Spring DispatcherServlet 'dispatcherServlet'
2023-03-13 16:36:54.419 [http-nio-1987-exec-1] INFO  org.springframework.web.servlet.DispatcherServlet - Initializing Servlet 'dispatcherServlet'
2023-03-13 16:36:54.420 [http-nio-1987-exec-1] INFO  org.springframework.web.servlet.DispatcherServlet - Completed initialization in 1 ms
2023-03-13 16:41:25.160 [http-nio-1987-exec-8] WARN  o.s.w.s.m.support.DefaultHandlerExceptionResolver - Resolved [org.springframework.web.HttpMediaTypeNotSupportedException: Content type 'multipart/form-data;boundary=--------------------------340024436981267109024863;charset=UTF-8' not supported]
2023-03-13 16:43:24.919 [http-nio-1987-exec-10] WARN  o.s.w.s.m.support.DefaultHandlerExceptionResolver - Resolved [org.springframework.web.HttpMediaTypeNotSupportedException: Content type 'json/text;charset=UTF-8' not supported]
2023-03-13 16:45:34.818 [SpringApplicationShutdownHook] INFO  o.s.orm.jpa.LocalContainerEntityManagerFactoryBean - Closing JPA EntityManagerFactory for persistence unit 'default'
2023-03-13 16:45:34.847 [SpringApplicationShutdownHook] INFO  com.alibaba.druid.pool.DruidDataSource - {dataSource-1} closed
